{"numFailedTestSuites":0,"numFailedTests":0,"numPassedTestSuites":19,"numPassedTests":216,"numPendingTestSuites":0,"numPendingTests":0,"numRuntimeErrorTestSuites":0,"numTodoTests":0,"numTotalTestSuites":19,"numTotalTests":216,"openHandles":[],"snapshot":{"added":0,"didUpdate":false,"failure":false,"filesAdded":0,"filesRemoved":0,"filesRemovedList":[],"filesUnmatched":0,"filesUpdated":0,"matched":0,"total":0,"unchecked":0,"uncheckedKeysByFile":[],"unmatched":0,"updated":0},"startTime":1755574324224,"success":true,"testResults":[{"assertionResults":[{"ancestorTitles":["Setup"],"duration":5,"failureDetails":[],"failureMessages":[],"fullName":"Setup should setup test environment","invocations":1,"location":null,"numPassingAsserts":1,"retryReasons":[],"status":"passed","title":"should setup test environment"},{"ancestorTitles":["CadastrarVeiculoUseCase (Simulation)","Execução bem-sucedida"],"duration":1,"failureDetails":[],"failureMessages":[],"fullName":"CadastrarVeiculoUseCase (Simulation) Execução bem-sucedida deve cadastrar um veículo com dados válidos","invocations":1,"location":null,"numPassingAsserts":1,"retryReasons":[],"status":"passed","title":"deve cadastrar um veículo com dados válidos"},{"ancestorTitles":["CadastrarVeiculoUseCase (Simulation)","Execução bem-sucedida"],"duration":1,"failureDetails":[],"failureMessages":[],"fullName":"CadastrarVeiculoUseCase (Simulation) Execução bem-sucedida deve remover espaços em branco dos campos de texto","invocations":1,"location":null,"numPassingAsserts":3,"retryReasons":[],"status":"passed","title":"deve remover espaços em branco dos campos de texto"},{"ancestorTitles":["CadastrarVeiculoUseCase (Simulation)","Validações e erros"],"duration":8,"failureDetails":[],"failureMessages":[],"fullName":"CadastrarVeiculoUseCase (Simulation) Validações e erros deve lançar erro para marca vazia","invocations":1,"location":null,"numPassingAsserts":1,"retryReasons":[],"status":"passed","title":"deve lançar erro para marca vazia"},{"ancestorTitles":["CadastrarVeiculoUseCase (Simulation)","Validações e erros"],"duration":1,"failureDetails":[],"failureMessages":[],"fullName":"CadastrarVeiculoUseCase (Simulation) Validações e erros deve lançar erro para modelo vazio","invocations":1,"location":null,"numPassingAsserts":1,"retryReasons":[],"status":"passed","title":"deve lançar erro para modelo vazio"},{"ancestorTitles":["CadastrarVeiculoUseCase (Simulation)","Validações e erros"],"duration":1,"failureDetails":[],"failureMessages":[],"fullName":"CadastrarVeiculoUseCase (Simulation) Validações e erros deve lançar erro para ano inválido","invocations":1,"location":null,"numPassingAsserts":1,"retryReasons":[],"status":"passed","title":"deve lançar erro para ano inválido"},{"ancestorTitles":["CadastrarVeiculoUseCase (Simulation)","Validações e erros"],"duration":0,"failureDetails":[],"failureMessages":[],"fullName":"CadastrarVeiculoUseCase (Simulation) Validações e erros deve lançar erro para cor vazia","invocations":1,"location":null,"numPassingAsserts":1,"retryReasons":[],"status":"passed","title":"deve lançar erro para cor vazia"},{"ancestorTitles":["CadastrarVeiculoUseCase (Simulation)","Validações e erros"],"duration":1,"failureDetails":[],"failureMessages":[],"fullName":"CadastrarVeiculoUseCase (Simulation) Validações e erros deve lançar erro para preço inválido","invocations":1,"location":null,"numPassingAsserts":1,"retryReasons":[],"status":"passed","title":"deve lançar erro para preço inválido"}],"endTime":1755574326688,"message":"","name":"D:\\xampp\\htdocs\\estudos\\carros-fiap\\servico-principal\\src\\__tests__\\application\\usecases\\CadastrarVeiculoUseCase.test.ts","startTime":1755574324790,"status":"passed","summary":""},{"assertionResults":[{"ancestorTitles":["Setup"],"duration":6,"failureDetails":[],"failureMessages":[],"fullName":"Setup should setup test environment","invocations":1,"location":null,"numPassingAsserts":1,"retryReasons":[],"status":"passed","title":"should setup test environment"},{"ancestorTitles":["Usuario Entity","Criação de usuário"],"duration":2,"failureDetails":[],"failureMessages":[],"fullName":"Usuario Entity Criação de usuário deve criar um usuário válido com todos os campos","invocations":1,"location":null,"numPassingAsserts":10,"retryReasons":[],"status":"passed","title":"deve criar um usuário válido com todos os campos"},{"ancestorTitles":["Usuario Entity","Criação de usuário"],"duration":1,"failureDetails":[],"failureMessages":[],"fullName":"Usuario Entity Criação de usuário deve gerar um ID único se não fornecido","invocations":1,"location":null,"numPassingAsserts":3,"retryReasons":[],"status":"passed","title":"deve gerar um ID único se não fornecido"},{"ancestorTitles":["Usuario Entity","Criação de usuário"],"duration":0,"failureDetails":[],"failureMessages":[],"fullName":"Usuario Entity Criação de usuário deve usar o ID fornecido se especificado","invocations":1,"location":null,"numPassingAsserts":1,"retryReasons":[],"status":"passed","title":"deve usar o ID fornecido se especificado"},{"ancestorTitles":["Usuario Entity","Criação de usuário"],"duration":1,"failureDetails":[],"failureMessages":[],"fullName":"Usuario Entity Criação de usuário deve criar usuário ADMIN sem CPF, telefone e endereço","invocations":1,"location":null,"numPassingAsserts":4,"retryReasons":[],"status":"passed","title":"deve criar usuário ADMIN sem CPF, telefone e endereço"},{"ancestorTitles":["Usuario Entity","Validações"],"duration":30,"failureDetails":[],"failureMessages":[],"fullName":"Usuario Entity Validações deve lançar erro para nome vazio","invocations":1,"location":null,"numPassingAsserts":1,"retryReasons":[],"status":"passed","title":"deve lançar erro para nome vazio"},{"ancestorTitles":["Usuario Entity","Validações"],"duration":3,"failureDetails":[],"failureMessages":[],"fullName":"Usuario Entity Validações deve lançar erro para nome com menos de 2 caracteres","invocations":1,"location":null,"numPassingAsserts":1,"retryReasons":[],"status":"passed","title":"deve lançar erro para nome com menos de 2 caracteres"},{"ancestorTitles":["Usuario Entity","Validações"],"duration":1,"failureDetails":[],"failureMessages":[],"fullName":"Usuario Entity Validações deve lançar erro para email inválido","invocations":1,"location":null,"numPassingAsserts":1,"retryReasons":[],"status":"passed","title":"deve lançar erro para email inválido"},{"ancestorTitles":["Usuario Entity","Validações"],"duration":1,"failureDetails":[],"failureMessages":[],"fullName":"Usuario Entity Validações deve lançar erro para senha muito curta","invocations":1,"location":null,"numPassingAsserts":1,"retryReasons":[],"status":"passed","title":"deve lançar erro para senha muito curta"},{"ancestorTitles":["Usuario Entity","Validações"],"duration":1,"failureDetails":[],"failureMessages":[],"fullName":"Usuario Entity Validações deve lançar erro para CPF inválido quando fornecido","invocations":1,"location":null,"numPassingAsserts":1,"retryReasons":[],"status":"passed","title":"deve lançar erro para CPF inválido quando fornecido"},{"ancestorTitles":["Usuario Entity","Validações"],"duration":0,"failureDetails":[],"failureMessages":[],"fullName":"Usuario Entity Validações deve lançar erro para telefone inválido quando fornecido","invocations":1,"location":null,"numPassingAsserts":1,"retryReasons":[],"status":"passed","title":"deve lançar erro para telefone inválido quando fornecido"},{"ancestorTitles":["Usuario Entity","Métodos utilitários"],"duration":0,"failureDetails":[],"failureMessages":[],"fullName":"Usuario Entity Métodos utilitários deve verificar se é admin","invocations":1,"location":null,"numPassingAsserts":2,"retryReasons":[],"status":"passed","title":"deve verificar se é admin"},{"ancestorTitles":["Usuario Entity","Métodos utilitários"],"duration":1,"failureDetails":[],"failureMessages":[],"fullName":"Usuario Entity Métodos utilitários deve verificar se é cliente","invocations":1,"location":null,"numPassingAsserts":2,"retryReasons":[],"status":"passed","title":"deve verificar se é cliente"},{"ancestorTitles":["Usuario Entity","Métodos utilitários"],"duration":0,"failureDetails":[],"failureMessages":[],"fullName":"Usuario Entity Métodos utilitários deve verificar se pode gerenciar veículos","invocations":1,"location":null,"numPassingAsserts":3,"retryReasons":[],"status":"passed","title":"deve verificar se pode gerenciar veículos"},{"ancestorTitles":["Usuario Entity","Serialização"],"duration":2,"failureDetails":[],"failureMessages":[],"fullName":"Usuario Entity Serialização deve retornar objeto JSON com todas as propriedades","invocations":1,"location":null,"numPassingAsserts":11,"retryReasons":[],"status":"passed","title":"deve retornar objeto JSON com todas as propriedades"},{"ancestorTitles":["Usuario Entity","Serialização"],"duration":1,"failureDetails":[],"failureMessages":[],"fullName":"Usuario Entity Serialização deve retornar objeto sem senha para resposta segura","invocations":1,"location":null,"numPassingAsserts":6,"retryReasons":[],"status":"passed","title":"deve retornar objeto sem senha para resposta segura"}],"endTime":1755574326689,"message":"","name":"D:\\xampp\\htdocs\\estudos\\carros-fiap\\servico-principal\\src\\__tests__\\domain\\entities\\Usuario.test.ts","startTime":1755574324763,"status":"passed","summary":""},{"assertionResults":[{"ancestorTitles":["Setup"],"duration":13,"failureDetails":[],"failureMessages":[],"fullName":"Setup should setup test environment","invocations":1,"location":null,"numPassingAsserts":1,"retryReasons":[],"status":"passed","title":"should setup test environment"}],"endTime":1755574326736,"message":"","name":"D:\\xampp\\htdocs\\estudos\\carros-fiap\\servico-principal\\src\\__tests__\\setup.ts","startTime":1755574324798,"status":"passed","summary":""},{"assertionResults":[{"ancestorTitles":["Setup"],"duration":11,"failureDetails":[],"failureMessages":[],"fullName":"Setup should setup test environment","invocations":1,"location":null,"numPassingAsserts":1,"retryReasons":[],"status":"passed","title":"should setup test environment"},{"ancestorTitles":["Usuario Entity (Mock)","Criação de usuário"],"duration":1,"failureDetails":[],"failureMessages":[],"fullName":"Usuario Entity (Mock) Criação de usuário deve criar um usuário válido com todos os campos","invocations":1,"location":null,"numPassingAsserts":10,"retryReasons":[],"status":"passed","title":"deve criar um usuário válido com todos os campos"},{"ancestorTitles":["Usuario Entity (Mock)","Criação de usuário"],"duration":1,"failureDetails":[],"failureMessages":[],"fullName":"Usuario Entity (Mock) Criação de usuário deve gerar um ID único se não fornecido","invocations":1,"location":null,"numPassingAsserts":3,"retryReasons":[],"status":"passed","title":"deve gerar um ID único se não fornecido"},{"ancestorTitles":["Usuario Entity (Mock)","Criação de usuário"],"duration":0,"failureDetails":[],"failureMessages":[],"fullName":"Usuario Entity (Mock) Criação de usuário deve usar o ID fornecido se especificado","invocations":1,"location":null,"numPassingAsserts":1,"retryReasons":[],"status":"passed","title":"deve usar o ID fornecido se especificado"},{"ancestorTitles":["Usuario Entity (Mock)","Validações"],"duration":13,"failureDetails":[],"failureMessages":[],"fullName":"Usuario Entity (Mock) Validações deve lançar erro para nome muito curto","invocations":1,"location":null,"numPassingAsserts":1,"retryReasons":[],"status":"passed","title":"deve lançar erro para nome muito curto"},{"ancestorTitles":["Usuario Entity (Mock)","Validações"],"duration":1,"failureDetails":[],"failureMessages":[],"fullName":"Usuario Entity (Mock) Validações deve lançar erro para email inválido","invocations":1,"location":null,"numPassingAsserts":1,"retryReasons":[],"status":"passed","title":"deve lançar erro para email inválido"},{"ancestorTitles":["Usuario Entity (Mock)","Validações"],"duration":0,"failureDetails":[],"failureMessages":[],"fullName":"Usuario Entity (Mock) Validações deve lançar erro para senha muito curta","invocations":1,"location":null,"numPassingAsserts":1,"retryReasons":[],"status":"passed","title":"deve lançar erro para senha muito curta"},{"ancestorTitles":["Usuario Entity (Mock)","Validações"],"duration":1,"failureDetails":[],"failureMessages":[],"fullName":"Usuario Entity (Mock) Validações deve lançar erro para CPF inválido quando fornecido","invocations":1,"location":null,"numPassingAsserts":1,"retryReasons":[],"status":"passed","title":"deve lançar erro para CPF inválido quando fornecido"},{"ancestorTitles":["Usuario Entity (Mock)","Validações"],"duration":1,"failureDetails":[],"failureMessages":[],"fullName":"Usuario Entity (Mock) Validações deve lançar erro para telefone inválido quando fornecido","invocations":1,"location":null,"numPassingAsserts":1,"retryReasons":[],"status":"passed","title":"deve lançar erro para telefone inválido quando fornecido"},{"ancestorTitles":["Usuario Entity (Mock)","Métodos utilitários"],"duration":0,"failureDetails":[],"failureMessages":[],"fullName":"Usuario Entity (Mock) Métodos utilitários deve verificar se é admin","invocations":1,"location":null,"numPassingAsserts":2,"retryReasons":[],"status":"passed","title":"deve verificar se é admin"},{"ancestorTitles":["Usuario Entity (Mock)","Métodos utilitários"],"duration":1,"failureDetails":[],"failureMessages":[],"fullName":"Usuario Entity (Mock) Métodos utilitários deve verificar se é cliente","invocations":1,"location":null,"numPassingAsserts":2,"retryReasons":[],"status":"passed","title":"deve verificar se é cliente"},{"ancestorTitles":["Usuario Entity (Mock)","Métodos utilitários"],"duration":0,"failureDetails":[],"failureMessages":[],"fullName":"Usuario Entity (Mock) Métodos utilitários deve verificar se pode gerenciar veículos","invocations":1,"location":null,"numPassingAsserts":3,"retryReasons":[],"status":"passed","title":"deve verificar se pode gerenciar veículos"},{"ancestorTitles":["Usuario Entity (Mock)","Serialização"],"duration":2,"failureDetails":[],"failureMessages":[],"fullName":"Usuario Entity (Mock) Serialização deve retornar objeto JSON com todas as propriedades","invocations":1,"location":null,"numPassingAsserts":11,"retryReasons":[],"status":"passed","title":"deve retornar objeto JSON com todas as propriedades"},{"ancestorTitles":["Usuario Entity (Mock)","Serialização"],"duration":0,"failureDetails":[],"failureMessages":[],"fullName":"Usuario Entity (Mock) Serialização deve retornar objeto sem senha para resposta segura","invocations":1,"location":null,"numPassingAsserts":6,"retryReasons":[],"status":"passed","title":"deve retornar objeto sem senha para resposta segura"}],"endTime":1755574326753,"message":"","name":"D:\\xampp\\htdocs\\estudos\\carros-fiap\\servico-principal\\src\\__tests__\\domain\\entities\\Usuario.mock.test.ts","startTime":1755574324784,"status":"passed","summary":""},{"assertionResults":[{"ancestorTitles":["Setup"],"duration":5,"failureDetails":[],"failureMessages":[],"fullName":"Setup should setup test environment","invocations":1,"location":null,"numPassingAsserts":1,"retryReasons":[],"status":"passed","title":"should setup test environment"},{"ancestorTitles":["VeiculoRepositoryImpl","salvar"],"duration":2,"failureDetails":[],"failureMessages":[],"fullName":"VeiculoRepositoryImpl salvar deve salvar um veículo no banco de dados","invocations":1,"location":null,"numPassingAsserts":2,"retryReasons":[],"status":"passed","title":"deve salvar um veículo no banco de dados"},{"ancestorTitles":["VeiculoRepositoryImpl","salvar"],"duration":18,"failureDetails":[],"failureMessages":[],"fullName":"VeiculoRepositoryImpl salvar deve tratar erro de banco de dados ao salvar","invocations":1,"location":null,"numPassingAsserts":1,"retryReasons":[],"status":"passed","title":"deve tratar erro de banco de dados ao salvar"},{"ancestorTitles":["VeiculoRepositoryImpl","buscarPorId"],"duration":1,"failureDetails":[],"failureMessages":[],"fullName":"VeiculoRepositoryImpl buscarPorId deve buscar veículo por ID","invocations":1,"location":null,"numPassingAsserts":4,"retryReasons":[],"status":"passed","title":"deve buscar veículo por ID"},{"ancestorTitles":["VeiculoRepositoryImpl","buscarPorId"],"duration":1,"failureDetails":[],"failureMessages":[],"fullName":"VeiculoRepositoryImpl buscarPorId deve retornar null quando veículo não encontrado","invocations":1,"location":null,"numPassingAsserts":1,"retryReasons":[],"status":"passed","title":"deve retornar null quando veículo não encontrado"},{"ancestorTitles":["VeiculoRepositoryImpl","buscarTodos"],"duration":1,"failureDetails":[],"failureMessages":[],"fullName":"VeiculoRepositoryImpl buscarTodos deve buscar todos os veículos","invocations":1,"location":null,"numPassingAsserts":4,"retryReasons":[],"status":"passed","title":"deve buscar todos os veículos"},{"ancestorTitles":["VeiculoRepositoryImpl","buscarTodos"],"duration":0,"failureDetails":[],"failureMessages":[],"fullName":"VeiculoRepositoryImpl buscarTodos deve retornar array vazio quando não há veículos","invocations":1,"location":null,"numPassingAsserts":1,"retryReasons":[],"status":"passed","title":"deve retornar array vazio quando não há veículos"},{"ancestorTitles":["VeiculoRepositoryImpl","atualizar"],"duration":0,"failureDetails":[],"failureMessages":[],"fullName":"VeiculoRepositoryImpl atualizar deve atualizar um veículo","invocations":1,"location":null,"numPassingAsserts":3,"retryReasons":[],"status":"passed","title":"deve atualizar um veículo"},{"ancestorTitles":["VeiculoRepositoryImpl","atualizar"],"duration":7,"failureDetails":[],"failureMessages":[],"fullName":"VeiculoRepositoryImpl atualizar deve lançar erro quando veículo não encontrado para atualização","invocations":1,"location":null,"numPassingAsserts":1,"retryReasons":[],"status":"passed","title":"deve lançar erro quando veículo não encontrado para atualização"},{"ancestorTitles":["VeiculoRepositoryImpl","deletar"],"duration":1,"failureDetails":[],"failureMessages":[],"fullName":"VeiculoRepositoryImpl deletar deve deletar um veículo","invocations":1,"location":null,"numPassingAsserts":1,"retryReasons":[],"status":"passed","title":"deve deletar um veículo"},{"ancestorTitles":["VeiculoRepositoryImpl","deletar"],"duration":1,"failureDetails":[],"failureMessages":[],"fullName":"VeiculoRepositoryImpl deletar deve retornar false quando veículo não encontrado para deletar","invocations":1,"location":null,"numPassingAsserts":1,"retryReasons":[],"status":"passed","title":"deve retornar false quando veículo não encontrado para deletar"},{"ancestorTitles":["VeiculoRepositoryImpl","buscarPorStatus"],"duration":1,"failureDetails":[],"failureMessages":[],"fullName":"VeiculoRepositoryImpl buscarPorStatus deve buscar veículos por status","invocations":1,"location":null,"numPassingAsserts":3,"retryReasons":[],"status":"passed","title":"deve buscar veículos por status"},{"ancestorTitles":["VeiculoRepositoryImpl","buscarDisponiveis"],"duration":0,"failureDetails":[],"failureMessages":[],"fullName":"VeiculoRepositoryImpl buscarDisponiveis deve buscar apenas veículos disponíveis","invocations":1,"location":null,"numPassingAsserts":3,"retryReasons":[],"status":"passed","title":"deve buscar apenas veículos disponíveis"},{"ancestorTitles":["VeiculoRepositoryImpl","Tratamento de erros de banco"],"duration":0,"failureDetails":[],"failureMessages":[],"fullName":"VeiculoRepositoryImpl Tratamento de erros de banco deve tratar erro de conexão","invocations":1,"location":null,"numPassingAsserts":1,"retryReasons":[],"status":"passed","title":"deve tratar erro de conexão"},{"ancestorTitles":["VeiculoRepositoryImpl","Tratamento de erros de banco"],"duration":1,"failureDetails":[],"failureMessages":[],"fullName":"VeiculoRepositoryImpl Tratamento de erros de banco deve tratar erro de SQL","invocations":1,"location":null,"numPassingAsserts":1,"retryReasons":[],"status":"passed","title":"deve tratar erro de SQL"},{"ancestorTitles":["VeiculoRepositoryImpl","Mapeamento de dados"],"duration":4,"failureDetails":[],"failureMessages":[],"fullName":"VeiculoRepositoryImpl Mapeamento de dados deve mapear corretamente dados do banco para entidade","invocations":1,"location":null,"numPassingAsserts":4,"retryReasons":[],"status":"passed","title":"deve mapear corretamente dados do banco para entidade"}],"endTime":1755574326755,"message":"","name":"D:\\xampp\\htdocs\\estudos\\carros-fiap\\servico-principal\\src\\__tests__\\infrastructure\\repositories\\VeiculoRepositoryImpl.test.ts","startTime":1755574324791,"status":"passed","summary":""},{"assertionResults":[{"ancestorTitles":["Setup"],"duration":4,"failureDetails":[],"failureMessages":[],"fullName":"Setup should setup test environment","invocations":1,"location":null,"numPassingAsserts":1,"retryReasons":[],"status":"passed","title":"should setup test environment"},{"ancestorTitles":["Business Logic Tests","Vehicle Status Management"],"duration":0,"failureDetails":[],"failureMessages":[],"fullName":"Business Logic Tests Vehicle Status Management deve identificar veículos disponíveis","invocations":1,"location":null,"numPassingAsserts":1,"retryReasons":[],"status":"passed","title":"deve identificar veículos disponíveis"},{"ancestorTitles":["Business Logic Tests","Vehicle Status Management"],"duration":0,"failureDetails":[],"failureMessages":[],"fullName":"Business Logic Tests Vehicle Status Management deve identificar veículos indisponíveis","invocations":1,"location":null,"numPassingAsserts":1,"retryReasons":[],"status":"passed","title":"deve identificar veículos indisponíveis"},{"ancestorTitles":["Business Logic Tests","Vehicle Status Management"],"duration":0,"failureDetails":[],"failureMessages":[],"fullName":"Business Logic Tests Vehicle Status Management deve verificar se veículo pode ser vendido","invocations":1,"location":null,"numPassingAsserts":3,"retryReasons":[],"status":"passed","title":"deve verificar se veículo pode ser vendido"},{"ancestorTitles":["Business Logic Tests","Vehicle Status Management"],"duration":0,"failureDetails":[],"failureMessages":[],"fullName":"Business Logic Tests Vehicle Status Management deve calcular valor total de veículos disponíveis","invocations":1,"location":null,"numPassingAsserts":1,"retryReasons":[],"status":"passed","title":"deve calcular valor total de veículos disponíveis"},{"ancestorTitles":["Business Logic Tests","User Role Management"],"duration":0,"failureDetails":[],"failureMessages":[],"fullName":"Business Logic Tests User Role Management deve permitir admin ativo gerenciar veículos","invocations":1,"location":null,"numPassingAsserts":2,"retryReasons":[],"status":"passed","title":"deve permitir admin ativo gerenciar veículos"},{"ancestorTitles":["Business Logic Tests","User Role Management"],"duration":1,"failureDetails":[],"failureMessages":[],"fullName":"Business Logic Tests User Role Management deve permitir cliente ativo comprar veículos","invocations":1,"location":null,"numPassingAsserts":2,"retryReasons":[],"status":"passed","title":"deve permitir cliente ativo comprar veículos"},{"ancestorTitles":["Business Logic Tests","User Role Management"],"duration":0,"failureDetails":[],"failureMessages":[],"fullName":"Business Logic Tests User Role Management não deve permitir usuário inativo realizar ações","invocations":1,"location":null,"numPassingAsserts":2,"retryReasons":[],"status":"passed","title":"não deve permitir usuário inativo realizar ações"},{"ancestorTitles":["Business Logic Tests","Price Calculations"],"duration":1,"failureDetails":[],"failureMessages":[],"fullName":"Business Logic Tests Price Calculations deve calcular desconto corretamente","invocations":1,"location":null,"numPassingAsserts":2,"retryReasons":[],"status":"passed","title":"deve calcular desconto corretamente"},{"ancestorTitles":["Business Logic Tests","Price Calculations"],"duration":0,"failureDetails":[],"failureMessages":[],"fullName":"Business Logic Tests Price Calculations deve calcular parcelas mensais","invocations":1,"location":null,"numPassingAsserts":2,"retryReasons":[],"status":"passed","title":"deve calcular parcelas mensais"},{"ancestorTitles":["Business Logic Tests","Price Calculations"],"duration":0,"failureDetails":[],"failureMessages":[],"fullName":"Business Logic Tests Price Calculations deve calcular impostos","invocations":1,"location":null,"numPassingAsserts":2,"retryReasons":[],"status":"passed","title":"deve calcular impostos"},{"ancestorTitles":["Business Logic Tests","Search and Filter Logic"],"duration":1,"failureDetails":[],"failureMessages":[],"fullName":"Business Logic Tests Search and Filter Logic deve filtrar por marca","invocations":1,"location":null,"numPassingAsserts":2,"retryReasons":[],"status":"passed","title":"deve filtrar por marca"},{"ancestorTitles":["Business Logic Tests","Search and Filter Logic"],"duration":0,"failureDetails":[],"failureMessages":[],"fullName":"Business Logic Tests Search and Filter Logic deve filtrar por faixa de ano","invocations":1,"location":null,"numPassingAsserts":2,"retryReasons":[],"status":"passed","title":"deve filtrar por faixa de ano"},{"ancestorTitles":["Business Logic Tests","Search and Filter Logic"],"duration":0,"failureDetails":[],"failureMessages":[],"fullName":"Business Logic Tests Search and Filter Logic deve filtrar por faixa de preço","invocations":1,"location":null,"numPassingAsserts":2,"retryReasons":[],"status":"passed","title":"deve filtrar por faixa de preço"},{"ancestorTitles":["Business Logic Tests","Search and Filter Logic"],"duration":0,"failureDetails":[],"failureMessages":[],"fullName":"Business Logic Tests Search and Filter Logic deve filtrar por status","invocations":1,"location":null,"numPassingAsserts":2,"retryReasons":[],"status":"passed","title":"deve filtrar por status"},{"ancestorTitles":["Business Logic Tests","Search and Filter Logic"],"duration":1,"failureDetails":[],"failureMessages":[],"fullName":"Business Logic Tests Search and Filter Logic deve aplicar múltiplos filtros","invocations":1,"location":null,"numPassingAsserts":2,"retryReasons":[],"status":"passed","title":"deve aplicar múltiplos filtros"},{"ancestorTitles":["Business Logic Tests","Date and Time Utilities"],"duration":1,"failureDetails":[],"failureMessages":[],"fullName":"Business Logic Tests Date and Time Utilities deve identificar dias úteis","invocations":1,"location":null,"numPassingAsserts":4,"retryReasons":[],"status":"passed","title":"deve identificar dias úteis"},{"ancestorTitles":["Business Logic Tests","Date and Time Utilities"],"duration":0,"failureDetails":[],"failureMessages":[],"fullName":"Business Logic Tests Date and Time Utilities deve adicionar dias úteis corretamente","invocations":1,"location":null,"numPassingAsserts":2,"retryReasons":[],"status":"passed","title":"deve adicionar dias úteis corretamente"},{"ancestorTitles":["Business Logic Tests","Date and Time Utilities"],"duration":1,"failureDetails":[],"failureMessages":[],"fullName":"Business Logic Tests Date and Time Utilities deve calcular idade corretamente","invocations":1,"location":null,"numPassingAsserts":1,"retryReasons":[],"status":"passed","title":"deve calcular idade corretamente"}],"endTime":1755574326765,"message":"","name":"D:\\xampp\\htdocs\\estudos\\carros-fiap\\servico-principal\\src\\__tests__\\business\\business-logic.test.ts","startTime":1755574324806,"status":"passed","summary":""},{"assertionResults":[{"ancestorTitles":["Setup"],"duration":5,"failureDetails":[],"failureMessages":[],"fullName":"Setup should setup test environment","invocations":1,"location":null,"numPassingAsserts":1,"retryReasons":[],"status":"passed","title":"should setup test environment"},{"ancestorTitles":["Veiculo Entity","Criação de veículo"],"duration":2,"failureDetails":[],"failureMessages":[],"fullName":"Veiculo Entity Criação de veículo deve criar um veículo válido com propriedades básicas","invocations":1,"location":null,"numPassingAsserts":9,"retryReasons":[],"status":"passed","title":"deve criar um veículo válido com propriedades básicas"},{"ancestorTitles":["Veiculo Entity","Criação de veículo"],"duration":1,"failureDetails":[],"failureMessages":[],"fullName":"Veiculo Entity Criação de veículo deve gerar um ID único se não fornecido","invocations":1,"location":null,"numPassingAsserts":3,"retryReasons":[],"status":"passed","title":"deve gerar um ID único se não fornecido"},{"ancestorTitles":["Veiculo Entity","Criação de veículo"],"duration":0,"failureDetails":[],"failureMessages":[],"fullName":"Veiculo Entity Criação de veículo deve usar o ID fornecido se especificado","invocations":1,"location":null,"numPassingAsserts":1,"retryReasons":[],"status":"passed","title":"deve usar o ID fornecido se especificado"},{"ancestorTitles":["Veiculo Entity","Criação de veículo"],"duration":2,"failureDetails":[],"failureMessages":[],"fullName":"Veiculo Entity Criação de veículo deve criar veículo com dados de venda quando vendido","invocations":1,"location":null,"numPassingAsserts":4,"retryReasons":[],"status":"passed","title":"deve criar veículo com dados de venda quando vendido"},{"ancestorTitles":["Veiculo Entity","Validações"],"duration":17,"failureDetails":[],"failureMessages":[],"fullName":"Veiculo Entity Validações deve lançar erro para marca vazia","invocations":1,"location":null,"numPassingAsserts":1,"retryReasons":[],"status":"passed","title":"deve lançar erro para marca vazia"},{"ancestorTitles":["Veiculo Entity","Validações"],"duration":0,"failureDetails":[],"failureMessages":[],"fullName":"Veiculo Entity Validações deve lançar erro para modelo vazio","invocations":1,"location":null,"numPassingAsserts":1,"retryReasons":[],"status":"passed","title":"deve lançar erro para modelo vazio"},{"ancestorTitles":["Veiculo Entity","Validações"],"duration":1,"failureDetails":[],"failureMessages":[],"fullName":"Veiculo Entity Validações deve lançar erro para ano muito antigo","invocations":1,"location":null,"numPassingAsserts":1,"retryReasons":[],"status":"passed","title":"deve lançar erro para ano muito antigo"},{"ancestorTitles":["Veiculo Entity","Validações"],"duration":0,"failureDetails":[],"failureMessages":[],"fullName":"Veiculo Entity Validações deve lançar erro para ano muito futuro","invocations":1,"location":null,"numPassingAsserts":1,"retryReasons":[],"status":"passed","title":"deve lançar erro para ano muito futuro"},{"ancestorTitles":["Veiculo Entity","Validações"],"duration":1,"failureDetails":[],"failureMessages":[],"fullName":"Veiculo Entity Validações deve lançar erro para preço negativo","invocations":1,"location":null,"numPassingAsserts":1,"retryReasons":[],"status":"passed","title":"deve lançar erro para preço negativo"},{"ancestorTitles":["Veiculo Entity","Validações"],"duration":0,"failureDetails":[],"failureMessages":[],"fullName":"Veiculo Entity Validações deve lançar erro para preço zero","invocations":1,"location":null,"numPassingAsserts":1,"retryReasons":[],"status":"passed","title":"deve lançar erro para preço zero"},{"ancestorTitles":["Veiculo Entity","Validações"],"duration":0,"failureDetails":[],"failureMessages":[],"fullName":"Veiculo Entity Validações deve lançar erro para cor vazia","invocations":1,"location":null,"numPassingAsserts":1,"retryReasons":[],"status":"passed","title":"deve lançar erro para cor vazia"},{"ancestorTitles":["Veiculo Entity","Operações de venda"],"duration":0,"failureDetails":[],"failureMessages":[],"fullName":"Veiculo Entity Operações de venda deve marcar veículo como vendido","invocations":1,"location":null,"numPassingAsserts":4,"retryReasons":[],"status":"passed","title":"deve marcar veículo como vendido"},{"ancestorTitles":["Veiculo Entity","Operações de venda"],"duration":1,"failureDetails":[],"failureMessages":[],"fullName":"Veiculo Entity Operações de venda deve marcar veículo como reservado","invocations":1,"location":null,"numPassingAsserts":2,"retryReasons":[],"status":"passed","title":"deve marcar veículo como reservado"},{"ancestorTitles":["Veiculo Entity","Operações de venda"],"duration":0,"failureDetails":[],"failureMessages":[],"fullName":"Veiculo Entity Operações de venda deve cancelar reserva","invocations":1,"location":null,"numPassingAsserts":2,"retryReasons":[],"status":"passed","title":"deve cancelar reserva"},{"ancestorTitles":["Veiculo Entity","Operações de venda"],"duration":1,"failureDetails":[],"failureMessages":[],"fullName":"Veiculo Entity Operações de venda deve lançar erro ao tentar vender veículo já vendido","invocations":1,"location":null,"numPassingAsserts":1,"retryReasons":[],"status":"passed","title":"deve lançar erro ao tentar vender veículo já vendido"},{"ancestorTitles":["Veiculo Entity","Métodos utilitários"],"duration":0,"failureDetails":[],"failureMessages":[],"fullName":"Veiculo Entity Métodos utilitários deve verificar se está disponível para venda","invocations":1,"location":null,"numPassingAsserts":3,"retryReasons":[],"status":"passed","title":"deve verificar se está disponível para venda"},{"ancestorTitles":["Veiculo Entity","Métodos utilitários"],"duration":0,"failureDetails":[],"failureMessages":[],"fullName":"Veiculo Entity Métodos utilitários deve verificar se foi vendido","invocations":1,"location":null,"numPassingAsserts":2,"retryReasons":[],"status":"passed","title":"deve verificar se foi vendido"},{"ancestorTitles":["Veiculo Entity","Métodos utilitários"],"duration":0,"failureDetails":[],"failureMessages":[],"fullName":"Veiculo Entity Métodos utilitários deve verificar se está reservado","invocations":1,"location":null,"numPassingAsserts":2,"retryReasons":[],"status":"passed","title":"deve verificar se está reservado"},{"ancestorTitles":["Veiculo Entity","Atualização de dados"],"duration":0,"failureDetails":[],"failureMessages":[],"fullName":"Veiculo Entity Atualização de dados deve atualizar preço","invocations":1,"location":null,"numPassingAsserts":1,"retryReasons":[],"status":"passed","title":"deve atualizar preço"},{"ancestorTitles":["Veiculo Entity","Atualização de dados"],"duration":1,"failureDetails":[],"failureMessages":[],"fullName":"Veiculo Entity Atualização de dados deve lançar erro ao atualizar preço para valor inválido","invocations":1,"location":null,"numPassingAsserts":1,"retryReasons":[],"status":"passed","title":"deve lançar erro ao atualizar preço para valor inválido"},{"ancestorTitles":["Veiculo Entity","Atualização de dados"],"duration":0,"failureDetails":[],"failureMessages":[],"fullName":"Veiculo Entity Atualização de dados deve atualizar cor","invocations":1,"location":null,"numPassingAsserts":1,"retryReasons":[],"status":"passed","title":"deve atualizar cor"},{"ancestorTitles":["Veiculo Entity","Serialização"],"duration":0,"failureDetails":[],"failureMessages":[],"fullName":"Veiculo Entity Serialização deve retornar objeto JSON com todas as propriedades","invocations":1,"location":null,"numPassingAsserts":9,"retryReasons":[],"status":"passed","title":"deve retornar objeto JSON com todas as propriedades"},{"ancestorTitles":["Veiculo Entity","Serialização"],"duration":1,"failureDetails":[],"failureMessages":[],"fullName":"Veiculo Entity Serialização deve incluir dados de venda quando aplicável","invocations":1,"location":null,"numPassingAsserts":3,"retryReasons":[],"status":"passed","title":"deve incluir dados de venda quando aplicável"}],"endTime":1755574326777,"message":"","name":"D:\\xampp\\htdocs\\estudos\\carros-fiap\\servico-principal\\src\\__tests__\\domain\\entities\\Veiculo.test.ts","startTime":1755574324809,"status":"passed","summary":""},{"assertionResults":[{"ancestorTitles":["Setup"],"duration":4,"failureDetails":[],"failureMessages":[],"fullName":"Setup should setup test environment","invocations":1,"location":null,"numPassingAsserts":1,"retryReasons":[],"status":"passed","title":"should setup test environment"},{"ancestorTitles":["CPF Validation","CPFs válidos"],"duration":1,"failureDetails":[],"failureMessages":[],"fullName":"CPF Validation CPFs válidos deve validar CPFs conhecidos como válidos","invocations":1,"location":null,"numPassingAsserts":3,"retryReasons":[],"status":"passed","title":"deve validar CPFs conhecidos como válidos"},{"ancestorTitles":["CPF Validation","CPFs válidos"],"duration":1,"failureDetails":[],"failureMessages":[],"fullName":"CPF Validation CPFs válidos deve validar CPF com formatação","invocations":1,"location":null,"numPassingAsserts":2,"retryReasons":[],"status":"passed","title":"deve validar CPF com formatação"},{"ancestorTitles":["CPF Validation","CPFs inválidos"],"duration":0,"failureDetails":[],"failureMessages":[],"fullName":"CPF Validation CPFs inválidos deve invalidar CPFs com todos os dígitos iguais","invocations":1,"location":null,"numPassingAsserts":4,"retryReasons":[],"status":"passed","title":"deve invalidar CPFs com todos os dígitos iguais"},{"ancestorTitles":["CPF Validation","CPFs inválidos"],"duration":1,"failureDetails":[],"failureMessages":[],"fullName":"CPF Validation CPFs inválidos deve invalidar CPFs com tamanho incorreto","invocations":1,"location":null,"numPassingAsserts":3,"retryReasons":[],"status":"passed","title":"deve invalidar CPFs com tamanho incorreto"},{"ancestorTitles":["CPF Validation","CPFs inválidos"],"duration":4,"failureDetails":[],"failureMessages":[],"fullName":"CPF Validation CPFs inválidos deve invalidar CPFs com dígitos verificadores incorretos","invocations":1,"location":null,"numPassingAsserts":2,"retryReasons":[],"status":"passed","title":"deve invalidar CPFs com dígitos verificadores incorretos"},{"ancestorTitles":["Email Validation","Emails válidos"],"duration":1,"failureDetails":[],"failureMessages":[],"fullName":"Email Validation Emails válidos deve validar emails com formato correto","invocations":1,"location":null,"numPassingAsserts":4,"retryReasons":[],"status":"passed","title":"deve validar emails com formato correto"},{"ancestorTitles":["Email Validation","Emails inválidos"],"duration":0,"failureDetails":[],"failureMessages":[],"fullName":"Email Validation Emails inválidos deve invalidar emails com formato incorreto","invocations":1,"location":null,"numPassingAsserts":6,"retryReasons":[],"status":"passed","title":"deve invalidar emails com formato incorreto"},{"ancestorTitles":["Password Validation","Senhas válidas"],"duration":1,"failureDetails":[],"failureMessages":[],"fullName":"Password Validation Senhas válidas deve validar senhas que atendem todos os critérios","invocations":1,"location":null,"numPassingAsserts":8,"retryReasons":[],"status":"passed","title":"deve validar senhas que atendem todos os critérios"},{"ancestorTitles":["Password Validation","Senhas inválidas"],"duration":1,"failureDetails":[],"failureMessages":[],"fullName":"Password Validation Senhas inválidas deve invalidar senha muito curta","invocations":1,"location":null,"numPassingAsserts":2,"retryReasons":[],"status":"passed","title":"deve invalidar senha muito curta"},{"ancestorTitles":["Password Validation","Senhas inválidas"],"duration":0,"failureDetails":[],"failureMessages":[],"fullName":"Password Validation Senhas inválidas deve invalidar senha sem maiúscula","invocations":1,"location":null,"numPassingAsserts":2,"retryReasons":[],"status":"passed","title":"deve invalidar senha sem maiúscula"},{"ancestorTitles":["Password Validation","Senhas inválidas"],"duration":0,"failureDetails":[],"failureMessages":[],"fullName":"Password Validation Senhas inválidas deve invalidar senha sem minúscula","invocations":1,"location":null,"numPassingAsserts":2,"retryReasons":[],"status":"passed","title":"deve invalidar senha sem minúscula"},{"ancestorTitles":["Password Validation","Senhas inválidas"],"duration":0,"failureDetails":[],"failureMessages":[],"fullName":"Password Validation Senhas inválidas deve invalidar senha sem número","invocations":1,"location":null,"numPassingAsserts":2,"retryReasons":[],"status":"passed","title":"deve invalidar senha sem número"},{"ancestorTitles":["Date Utilities"],"duration":1,"failureDetails":[],"failureMessages":[],"fullName":"Date Utilities deve formatar data corretamente","invocations":1,"location":null,"numPassingAsserts":1,"retryReasons":[],"status":"passed","title":"deve formatar data corretamente"},{"ancestorTitles":["Date Utilities"],"duration":0,"failureDetails":[],"failureMessages":[],"fullName":"Date Utilities deve adicionar dias à data","invocations":1,"location":null,"numPassingAsserts":1,"retryReasons":[],"status":"passed","title":"deve adicionar dias à data"},{"ancestorTitles":["Date Utilities"],"duration":0,"failureDetails":[],"failureMessages":[],"fullName":"Date Utilities deve subtrair dias da data","invocations":1,"location":null,"numPassingAsserts":1,"retryReasons":[],"status":"passed","title":"deve subtrair dias da data"},{"ancestorTitles":["Money Utilities"],"duration":15,"failureDetails":[],"failureMessages":[],"fullName":"Money Utilities deve formatar número como moeda brasileira","invocations":1,"location":null,"numPassingAsserts":2,"retryReasons":[],"status":"passed","title":"deve formatar número como moeda brasileira"},{"ancestorTitles":["Money Utilities"],"duration":0,"failureDetails":[],"failureMessages":[],"fullName":"Money Utilities deve parsear string de moeda para número","invocations":1,"location":null,"numPassingAsserts":2,"retryReasons":[],"status":"passed","title":"deve parsear string de moeda para número"},{"ancestorTitles":["String Utilities"],"duration":0,"failureDetails":[],"failureMessages":[],"fullName":"String Utilities deve remover acentos do texto","invocations":1,"location":null,"numPassingAsserts":2,"retryReasons":[],"status":"passed","title":"deve remover acentos do texto"},{"ancestorTitles":["String Utilities"],"duration":0,"failureDetails":[],"failureMessages":[],"fullName":"String Utilities deve capitalizar texto","invocations":1,"location":null,"numPassingAsserts":2,"retryReasons":[],"status":"passed","title":"deve capitalizar texto"},{"ancestorTitles":["Array Utilities"],"duration":1,"failureDetails":[],"failureMessages":[],"fullName":"Array Utilities deve remover elementos duplicados","invocations":1,"location":null,"numPassingAsserts":2,"retryReasons":[],"status":"passed","title":"deve remover elementos duplicados"},{"ancestorTitles":["Array Utilities"],"duration":0,"failureDetails":[],"failureMessages":[],"fullName":"Array Utilities deve agrupar elementos por propriedade","invocations":1,"location":null,"numPassingAsserts":2,"retryReasons":[],"status":"passed","title":"deve agrupar elementos por propriedade"}],"endTime":1755574326789,"message":"","name":"D:\\xampp\\htdocs\\estudos\\carros-fiap\\servico-principal\\src\\__tests__\\utils\\validations.test.ts","startTime":1755574324799,"status":"passed","summary":""},{"assertionResults":[{"ancestorTitles":["Setup"],"duration":5,"failureDetails":[],"failureMessages":[],"fullName":"Setup should setup test environment","invocations":1,"location":null,"numPassingAsserts":1,"retryReasons":[],"status":"passed","title":"should setup test environment"},{"ancestorTitles":["ConsultarVeiculoUseCase","execute"],"duration":3,"failureDetails":[],"failureMessages":[],"fullName":"ConsultarVeiculoUseCase execute deve consultar veículo por ID com sucesso","invocations":1,"location":null,"numPassingAsserts":2,"retryReasons":[],"status":"passed","title":"deve consultar veículo por ID com sucesso"},{"ancestorTitles":["ConsultarVeiculoUseCase","execute"],"duration":1,"failureDetails":[],"failureMessages":[],"fullName":"ConsultarVeiculoUseCase execute deve retornar null quando veículo não for encontrado","invocations":1,"location":null,"numPassingAsserts":2,"retryReasons":[],"status":"passed","title":"deve retornar null quando veículo não for encontrado"},{"ancestorTitles":["ConsultarVeiculoUseCase","execute"],"duration":1,"failureDetails":[],"failureMessages":[],"fullName":"ConsultarVeiculoUseCase execute deve consultar veículo vendido com dados do comprador","invocations":1,"location":null,"numPassingAsserts":1,"retryReasons":[],"status":"passed","title":"deve consultar veículo vendido com dados do comprador"}],"endTime":1755574326806,"message":"","name":"D:\\xampp\\htdocs\\estudos\\carros-fiap\\servico-principal\\src\\__tests__\\application\\usecases\\ConsultarVeiculoUseCase.test.ts","startTime":1755574324770,"status":"passed","summary":""},{"assertionResults":[{"ancestorTitles":["Setup"],"duration":5,"failureDetails":[],"failureMessages":[],"fullName":"Setup should setup test environment","invocations":1,"location":null,"numPassingAsserts":1,"retryReasons":[],"status":"passed","title":"should setup test environment"},{"ancestorTitles":["LoginUseCase (Simulation)","Login bem-sucedido"],"duration":2,"failureDetails":[],"failureMessages":[],"fullName":"LoginUseCase (Simulation) Login bem-sucedido deve fazer login com credenciais válidas","invocations":1,"location":null,"numPassingAsserts":4,"retryReasons":[],"status":"passed","title":"deve fazer login com credenciais válidas"},{"ancestorTitles":["LoginUseCase (Simulation)","Falhas de autenticação"],"duration":4,"failureDetails":[],"failureMessages":[],"fullName":"LoginUseCase (Simulation) Falhas de autenticação deve lançar erro quando usuário não existe","invocations":1,"location":null,"numPassingAsserts":1,"retryReasons":[],"status":"passed","title":"deve lançar erro quando usuário não existe"},{"ancestorTitles":["LoginUseCase (Simulation)","Falhas de autenticação"],"duration":0,"failureDetails":[],"failureMessages":[],"fullName":"LoginUseCase (Simulation) Falhas de autenticação deve lançar erro quando senha está incorreta","invocations":1,"location":null,"numPassingAsserts":1,"retryReasons":[],"status":"passed","title":"deve lançar erro quando senha está incorreta"},{"ancestorTitles":["LoginUseCase (Simulation)","Geração de token"],"duration":0,"failureDetails":[],"failureMessages":[],"fullName":"LoginUseCase (Simulation) Geração de token deve gerar token com payload correto","invocations":1,"location":null,"numPassingAsserts":1,"retryReasons":[],"status":"passed","title":"deve gerar token com payload correto"},{"ancestorTitles":["LoginUseCase (Simulation)","Geração de token"],"duration":1,"failureDetails":[],"failureMessages":[],"fullName":"LoginUseCase (Simulation) Geração de token deve usar secret padrão se JWT_SECRET não estiver definido","invocations":1,"location":null,"numPassingAsserts":1,"retryReasons":[],"status":"passed","title":"deve usar secret padrão se JWT_SECRET não estiver definido"}],"endTime":1755574326824,"message":"","name":"D:\\xampp\\htdocs\\estudos\\carros-fiap\\servico-principal\\src\\__tests__\\application\\usecases\\LoginUseCase.test.ts","startTime":1755574324806,"status":"passed","summary":""},{"assertionResults":[{"ancestorTitles":["Setup"],"duration":6,"failureDetails":[],"failureMessages":[],"fullName":"Setup should setup test environment","invocations":1,"location":null,"numPassingAsserts":1,"retryReasons":[],"status":"passed","title":"should setup test environment"},{"ancestorTitles":["ProcessarWebhookPagamentoUseCase","execute"],"duration":4,"failureDetails":[],"failureMessages":[],"fullName":"ProcessarWebhookPagamentoUseCase execute deve processar pagamento aprovado com sucesso","invocations":1,"location":null,"numPassingAsserts":3,"retryReasons":[],"status":"passed","title":"deve processar pagamento aprovado com sucesso"},{"ancestorTitles":["ProcessarWebhookPagamentoUseCase","execute"],"duration":1,"failureDetails":[],"failureMessages":[],"fullName":"ProcessarWebhookPagamentoUseCase execute deve processar pagamento rejeitado","invocations":1,"location":null,"numPassingAsserts":1,"retryReasons":[],"status":"passed","title":"deve processar pagamento rejeitado"},{"ancestorTitles":["ProcessarWebhookPagamentoUseCase","execute"],"duration":5,"failureDetails":[],"failureMessages":[],"fullName":"ProcessarWebhookPagamentoUseCase execute deve lançar erro quando veículo não for encontrado","invocations":1,"location":null,"numPassingAsserts":3,"retryReasons":[],"status":"passed","title":"deve lançar erro quando veículo não for encontrado"},{"ancestorTitles":["ProcessarWebhookPagamentoUseCase","execute"],"duration":1,"failureDetails":[],"failureMessages":[],"fullName":"ProcessarWebhookPagamentoUseCase execute deve processar pagamento pendente","invocations":1,"location":null,"numPassingAsserts":2,"retryReasons":[],"status":"passed","title":"deve processar pagamento pendente"},{"ancestorTitles":["ProcessarWebhookPagamentoUseCase","execute"],"duration":1,"failureDetails":[],"failureMessages":[],"fullName":"ProcessarWebhookPagamentoUseCase execute deve tratar erro no repositório","invocations":1,"location":null,"numPassingAsserts":1,"retryReasons":[],"status":"passed","title":"deve tratar erro no repositório"}],"endTime":1755574326843,"message":"","name":"D:\\xampp\\htdocs\\estudos\\carros-fiap\\servico-principal\\src\\__tests__\\application\\usecases\\ProcessarWebhookPagamentoUseCase.test.ts","startTime":1755574324790,"status":"passed","summary":""},{"assertionResults":[{"ancestorTitles":["Setup"],"duration":3,"failureDetails":[],"failureMessages":[],"fullName":"Setup should setup test environment","invocations":1,"location":null,"numPassingAsserts":1,"retryReasons":[],"status":"passed","title":"should setup test environment"},{"ancestorTitles":["EditarVeiculoUseCase","execute"],"duration":2,"failureDetails":[],"failureMessages":[],"fullName":"EditarVeiculoUseCase execute deve editar veículo com sucesso","invocations":1,"location":null,"numPassingAsserts":3,"retryReasons":[],"status":"passed","title":"deve editar veículo com sucesso"},{"ancestorTitles":["EditarVeiculoUseCase","execute"],"duration":6,"failureDetails":[],"failureMessages":[],"fullName":"EditarVeiculoUseCase execute deve lançar erro quando veículo não for encontrado","invocations":1,"location":null,"numPassingAsserts":3,"retryReasons":[],"status":"passed","title":"deve lançar erro quando veículo não for encontrado"},{"ancestorTitles":["EditarVeiculoUseCase","execute"],"duration":0,"failureDetails":[],"failureMessages":[],"fullName":"EditarVeiculoUseCase execute deve editar apenas campos fornecidos","invocations":1,"location":null,"numPassingAsserts":3,"retryReasons":[],"status":"passed","title":"deve editar apenas campos fornecidos"},{"ancestorTitles":["EditarVeiculoUseCase","execute"],"duration":2,"failureDetails":[],"failureMessages":[],"fullName":"EditarVeiculoUseCase execute deve tratar erro no repositório","invocations":1,"location":null,"numPassingAsserts":1,"retryReasons":[],"status":"passed","title":"deve tratar erro no repositório"}],"endTime":1755574326870,"message":"","name":"D:\\xampp\\htdocs\\estudos\\carros-fiap\\servico-principal\\src\\__tests__\\application\\usecases\\EditarVeiculoUseCase.test.ts","startTime":1755574324799,"status":"passed","summary":""},{"assertionResults":[{"ancestorTitles":["Setup"],"duration":3,"failureDetails":[],"failureMessages":[],"fullName":"Setup should setup test environment","invocations":1,"location":null,"numPassingAsserts":1,"retryReasons":[],"status":"passed","title":"should setup test environment"},{"ancestorTitles":["API Integration Tests","Health Check"],"duration":16,"failureDetails":[],"failureMessages":[],"fullName":"API Integration Tests Health Check deve retornar status da aplicação","invocations":1,"location":null,"numPassingAsserts":2,"retryReasons":[],"status":"passed","title":"deve retornar status da aplicação"},{"ancestorTitles":["API Integration Tests","CORS Configuration"],"duration":4,"failureDetails":[],"failureMessages":[],"fullName":"API Integration Tests CORS Configuration deve incluir headers CORS nas respostas","invocations":1,"location":null,"numPassingAsserts":1,"retryReasons":[],"status":"passed","title":"deve incluir headers CORS nas respostas"},{"ancestorTitles":["API Integration Tests","CORS Configuration"],"duration":2,"failureDetails":[],"failureMessages":[],"fullName":"API Integration Tests CORS Configuration deve responder a requisições OPTIONS","invocations":1,"location":null,"numPassingAsserts":1,"retryReasons":[],"status":"passed","title":"deve responder a requisições OPTIONS"},{"ancestorTitles":["API Integration Tests","Security Headers"],"duration":4,"failureDetails":[],"failureMessages":[],"fullName":"API Integration Tests Security Headers deve incluir headers de segurança do Helmet","invocations":1,"location":null,"numPassingAsserts":3,"retryReasons":[],"status":"passed","title":"deve incluir headers de segurança do Helmet"},{"ancestorTitles":["API Integration Tests","JSON Parsing"],"duration":15,"failureDetails":[],"failureMessages":[],"fullName":"API Integration Tests JSON Parsing deve processar JSON no body da requisição","invocations":1,"location":null,"numPassingAsserts":2,"retryReasons":[],"status":"passed","title":"deve processar JSON no body da requisição"},{"ancestorTitles":["API Integration Tests","JSON Parsing"],"duration":5,"failureDetails":[],"failureMessages":[],"fullName":"API Integration Tests JSON Parsing deve retornar erro para JSON malformado","invocations":1,"location":null,"numPassingAsserts":1,"retryReasons":[],"status":"passed","title":"deve retornar erro para JSON malformado"},{"ancestorTitles":["API Integration Tests","Error Handling"],"duration":3,"failureDetails":[],"failureMessages":[],"fullName":"API Integration Tests Error Handling deve capturar erros não tratados","invocations":1,"location":null,"numPassingAsserts":2,"retryReasons":[],"status":"passed","title":"deve capturar erros não tratados"},{"ancestorTitles":["API Integration Tests","404 Handling"],"duration":3,"failureDetails":[],"failureMessages":[],"fullName":"API Integration Tests 404 Handling deve retornar 404 para rotas não encontradas","invocations":1,"location":null,"numPassingAsserts":2,"retryReasons":[],"status":"passed","title":"deve retornar 404 para rotas não encontradas"},{"ancestorTitles":["API Integration Tests","Content Type Handling"],"duration":3,"failureDetails":[],"failureMessages":[],"fullName":"API Integration Tests Content Type Handling deve retornar JSON por padrão","invocations":1,"location":null,"numPassingAsserts":1,"retryReasons":[],"status":"passed","title":"deve retornar JSON por padrão"},{"ancestorTitles":["API Integration Tests","URL Encoded Parsing"],"duration":3,"failureDetails":[],"failureMessages":[],"fullName":"API Integration Tests URL Encoded Parsing deve processar dados url-encoded","invocations":1,"location":null,"numPassingAsserts":2,"retryReasons":[],"status":"passed","title":"deve processar dados url-encoded"},{"ancestorTitles":["API Integration Tests","Performance Headers"],"duration":2,"failureDetails":[],"failureMessages":[],"fullName":"API Integration Tests Performance Headers deve incluir header de tempo de resposta","invocations":1,"location":null,"numPassingAsserts":2,"retryReasons":[],"status":"passed","title":"deve incluir header de tempo de resposta"}],"endTime":1755574327019,"message":"","name":"D:\\xampp\\htdocs\\estudos\\carros-fiap\\servico-principal\\src\\__tests__\\integration\\api.test.ts","startTime":1755574324758,"status":"passed","summary":""},{"assertionResults":[{"ancestorTitles":["Setup"],"duration":5,"failureDetails":[],"failureMessages":[],"fullName":"Setup should setup test environment","invocations":1,"location":null,"numPassingAsserts":1,"retryReasons":[],"status":"passed","title":"should setup test environment"},{"ancestorTitles":["Performance Tests","Criação de entidades"],"duration":0,"failureDetails":[],"failureMessages":[],"fullName":"Performance Tests Criação de entidades deve criar muitas entidades em tempo razoável","invocations":1,"location":null,"numPassingAsserts":1,"retryReasons":[],"status":"passed","title":"deve criar muitas entidades em tempo razoável"},{"ancestorTitles":["Performance Tests","Criação de entidades"],"duration":1,"failureDetails":[],"failureMessages":[],"fullName":"Performance Tests Criação de entidades deve processar validações rapidamente","invocations":1,"location":null,"numPassingAsserts":1,"retryReasons":[],"status":"passed","title":"deve processar validações rapidamente"},{"ancestorTitles":["Performance Tests","Processamento de listas"],"duration":2,"failureDetails":[],"failureMessages":[],"fullName":"Performance Tests Processamento de listas deve filtrar grandes listas eficientemente","invocations":1,"location":null,"numPassingAsserts":1,"retryReasons":[],"status":"passed","title":"deve filtrar grandes listas eficientemente"},{"ancestorTitles":["Performance Tests","Processamento de listas"],"duration":2,"failureDetails":[],"failureMessages":[],"fullName":"Performance Tests Processamento de listas deve agrupar dados rapidamente","invocations":1,"location":null,"numPassingAsserts":1,"retryReasons":[],"status":"passed","title":"deve agrupar dados rapidamente"},{"ancestorTitles":["Performance Tests","Simulação de operações de banco"],"duration":11,"failureDetails":[],"failureMessages":[],"fullName":"Performance Tests Simulação de operações de banco deve simular múltiplas consultas concorrentes","invocations":1,"location":null,"numPassingAsserts":1,"retryReasons":[],"status":"passed","title":"deve simular múltiplas consultas concorrentes"},{"ancestorTitles":["Performance Tests","Simulação de operações de banco"],"duration":15,"failureDetails":[],"failureMessages":[],"fullName":"Performance Tests Simulação de operações de banco deve processar batch de inserções rapidamente","invocations":1,"location":null,"numPassingAsserts":1,"retryReasons":[],"status":"passed","title":"deve processar batch de inserções rapidamente"},{"ancestorTitles":["Performance Tests","Operações de string intensivas"],"duration":77,"failureDetails":[],"failureMessages":[],"fullName":"Performance Tests Operações de string intensivas deve processar formatação de muitos dados","invocations":1,"location":null,"numPassingAsserts":1,"retryReasons":[],"status":"passed","title":"deve processar formatação de muitos dados"},{"ancestorTitles":["Performance Tests","Testes de memória"],"duration":292,"failureDetails":[],"failureMessages":[],"fullName":"Performance Tests Testes de memória deve lidar com objetos grandes sem vazamentos","invocations":1,"location":null,"numPassingAsserts":1,"retryReasons":[],"status":"passed","title":"deve lidar com objetos grandes sem vazamentos"},{"ancestorTitles":["Performance Tests","Simulação de carga de API"],"duration":51,"failureDetails":[],"failureMessages":[],"fullName":"Performance Tests Simulação de carga de API deve simular múltiplas requisições HTTP","invocations":1,"location":null,"numPassingAsserts":1,"retryReasons":[],"status":"passed","title":"deve simular múltiplas requisições HTTP"},{"ancestorTitles":["Performance Tests","Benchmark comparativo"],"duration":3,"failureDetails":[],"failureMessages":[],"fullName":"Performance Tests Benchmark comparativo deve comparar diferentes algoritmos de busca","invocations":1,"location":null,"numPassingAsserts":2,"retryReasons":[],"status":"passed","title":"deve comparar diferentes algoritmos de busca"}],"endTime":1755574327115,"message":"","name":"D:\\xampp\\htdocs\\estudos\\carros-fiap\\servico-principal\\src\\__tests__\\performance\\performance.test.ts","startTime":1755574324762,"status":"passed","summary":""},{"assertionResults":[{"ancestorTitles":["Setup"],"duration":5,"failureDetails":[],"failureMessages":[],"fullName":"Setup should setup test environment","invocations":1,"location":null,"numPassingAsserts":1,"retryReasons":[],"status":"passed","title":"should setup test environment"},{"ancestorTitles":["WebhookController","processarPagamento"],"duration":1,"failureDetails":[],"failureMessages":[],"fullName":"WebhookController processarPagamento deve processar webhook de pagamento com sucesso","invocations":1,"location":null,"numPassingAsserts":3,"retryReasons":[],"status":"passed","title":"deve processar webhook de pagamento com sucesso"},{"ancestorTitles":["WebhookController","processarPagamento"],"duration":1,"failureDetails":[],"failureMessages":[],"fullName":"WebhookController processarPagamento deve retornar erro 400 para dados obrigatórios faltando","invocations":1,"location":null,"numPassingAsserts":3,"retryReasons":[],"status":"passed","title":"deve retornar erro 400 para dados obrigatórios faltando"},{"ancestorTitles":["WebhookController","processarPagamento"],"duration":0,"failureDetails":[],"failureMessages":[],"fullName":"WebhookController processarPagamento deve tratar erro do use case","invocations":1,"location":null,"numPassingAsserts":2,"retryReasons":[],"status":"passed","title":"deve tratar erro do use case"},{"ancestorTitles":["WebhookController","processarPagamento"],"duration":1,"failureDetails":[],"failureMessages":[],"fullName":"WebhookController processarPagamento deve tratar erro interno do servidor","invocations":1,"location":null,"numPassingAsserts":2,"retryReasons":[],"status":"passed","title":"deve tratar erro interno do servidor"},{"ancestorTitles":["WebhookController","processarPagamento"],"duration":0,"failureDetails":[],"failureMessages":[],"fullName":"WebhookController processarPagamento deve processar pagamento rejeitado","invocations":1,"location":null,"numPassingAsserts":3,"retryReasons":[],"status":"passed","title":"deve processar pagamento rejeitado"},{"ancestorTitles":["WebhookController","processarPagamento"],"duration":0,"failureDetails":[],"failureMessages":[],"fullName":"WebhookController processarPagamento deve processar pagamento pendente","invocations":1,"location":null,"numPassingAsserts":2,"retryReasons":[],"status":"passed","title":"deve processar pagamento pendente"}],"endTime":1755574327381,"message":"","name":"D:\\xampp\\htdocs\\estudos\\carros-fiap\\servico-principal\\src\\__tests__\\infrastructure\\http\\controllers\\WebhookController.test.ts","startTime":1755574324802,"status":"passed","summary":""},{"assertionResults":[{"ancestorTitles":["Setup"],"duration":3,"failureDetails":[],"failureMessages":[],"fullName":"Setup should setup test environment","invocations":1,"location":null,"numPassingAsserts":1,"retryReasons":[],"status":"passed","title":"should setup test environment"},{"ancestorTitles":["AuthController","registrar"],"duration":1,"failureDetails":[],"failureMessages":[],"fullName":"AuthController registrar deve registrar usuário com sucesso","invocations":1,"location":null,"numPassingAsserts":3,"retryReasons":[],"status":"passed","title":"deve registrar usuário com sucesso"},{"ancestorTitles":["AuthController","registrar"],"duration":1,"failureDetails":[],"failureMessages":[],"fullName":"AuthController registrar deve retornar erro 400 para dados obrigatórios faltando","invocations":1,"location":null,"numPassingAsserts":3,"retryReasons":[],"status":"passed","title":"deve retornar erro 400 para dados obrigatórios faltando"},{"ancestorTitles":["AuthController","registrar"],"duration":1,"failureDetails":[],"failureMessages":[],"fullName":"AuthController registrar deve tratar erro de email inválido do use case","invocations":1,"location":null,"numPassingAsserts":2,"retryReasons":[],"status":"passed","title":"deve tratar erro de email inválido do use case"},{"ancestorTitles":["AuthController","registrar"],"duration":0,"failureDetails":[],"failureMessages":[],"fullName":"AuthController registrar deve tratar erro de tipo de usuário inválido do use case","invocations":1,"location":null,"numPassingAsserts":2,"retryReasons":[],"status":"passed","title":"deve tratar erro de tipo de usuário inválido do use case"},{"ancestorTitles":["AuthController","registrar"],"duration":1,"failureDetails":[],"failureMessages":[],"fullName":"AuthController registrar deve tratar erro do use case","invocations":1,"location":null,"numPassingAsserts":2,"retryReasons":[],"status":"passed","title":"deve tratar erro do use case"},{"ancestorTitles":["AuthController","login"],"duration":0,"failureDetails":[],"failureMessages":[],"fullName":"AuthController login deve fazer login com sucesso","invocations":1,"location":null,"numPassingAsserts":3,"retryReasons":[],"status":"passed","title":"deve fazer login com sucesso"},{"ancestorTitles":["AuthController","login"],"duration":1,"failureDetails":[],"failureMessages":[],"fullName":"AuthController login deve retornar erro 400 para dados obrigatórios faltando","invocations":1,"location":null,"numPassingAsserts":3,"retryReasons":[],"status":"passed","title":"deve retornar erro 400 para dados obrigatórios faltando"},{"ancestorTitles":["AuthController","login"],"duration":0,"failureDetails":[],"failureMessages":[],"fullName":"AuthController login deve tratar erro de login","invocations":1,"location":null,"numPassingAsserts":2,"retryReasons":[],"status":"passed","title":"deve tratar erro de login"}],"endTime":1755574327400,"message":"","name":"D:\\xampp\\htdocs\\estudos\\carros-fiap\\servico-principal\\src\\__tests__\\infrastructure\\http\\controllers\\AuthController.test.ts","startTime":1755574324793,"status":"passed","summary":""},{"assertionResults":[{"ancestorTitles":["Setup"],"duration":4,"failureDetails":[],"failureMessages":[],"fullName":"Setup should setup test environment","invocations":1,"location":null,"numPassingAsserts":1,"retryReasons":[],"status":"passed","title":"should setup test environment"},{"ancestorTitles":["Auth Middleware","Token válido"],"duration":13,"failureDetails":[],"failureMessages":[],"fullName":"Auth Middleware Token válido deve permitir acesso com token válido","invocations":1,"location":null,"numPassingAsserts":3,"retryReasons":[],"status":"passed","title":"deve permitir acesso com token válido"},{"ancestorTitles":["Auth Middleware","Token válido"],"duration":3,"failureDetails":[],"failureMessages":[],"fullName":"Auth Middleware Token válido deve aceitar token no header authorization em minúsculas","invocations":1,"location":null,"numPassingAsserts":2,"retryReasons":[],"status":"passed","title":"deve aceitar token no header authorization em minúsculas"},{"ancestorTitles":["Auth Middleware","Falhas de autenticação"],"duration":2,"failureDetails":[],"failureMessages":[],"fullName":"Auth Middleware Falhas de autenticação deve retornar 401 quando token não fornecido","invocations":1,"location":null,"numPassingAsserts":2,"retryReasons":[],"status":"passed","title":"deve retornar 401 quando token não fornecido"},{"ancestorTitles":["Auth Middleware","Falhas de autenticação"],"duration":3,"failureDetails":[],"failureMessages":[],"fullName":"Auth Middleware Falhas de autenticação deve retornar 401 quando header authorization está vazio","invocations":1,"location":null,"numPassingAsserts":2,"retryReasons":[],"status":"passed","title":"deve retornar 401 quando header authorization está vazio"},{"ancestorTitles":["Auth Middleware","Falhas de autenticação"],"duration":2,"failureDetails":[],"failureMessages":[],"fullName":"Auth Middleware Falhas de autenticação deve retornar 401 quando formato do token é inválido","invocations":1,"location":null,"numPassingAsserts":2,"retryReasons":[],"status":"passed","title":"deve retornar 401 quando formato do token é inválido"},{"ancestorTitles":["Auth Middleware","Falhas de autenticação"],"duration":2,"failureDetails":[],"failureMessages":[],"fullName":"Auth Middleware Falhas de autenticação deve retornar 401 quando token não tem Bearer prefix","invocations":1,"location":null,"numPassingAsserts":2,"retryReasons":[],"status":"passed","title":"deve retornar 401 quando token não tem Bearer prefix"},{"ancestorTitles":["Auth Middleware","Falhas de autenticação"],"duration":2,"failureDetails":[],"failureMessages":[],"fullName":"Auth Middleware Falhas de autenticação deve retornar 401 quando token é inválido","invocations":1,"location":null,"numPassingAsserts":2,"retryReasons":[],"status":"passed","title":"deve retornar 401 quando token é inválido"},{"ancestorTitles":["Auth Middleware","Falhas de autenticação"],"duration":2,"failureDetails":[],"failureMessages":[],"fullName":"Auth Middleware Falhas de autenticação deve retornar 401 quando token expirou","invocations":1,"location":null,"numPassingAsserts":2,"retryReasons":[],"status":"passed","title":"deve retornar 401 quando token expirou"},{"ancestorTitles":["Auth Middleware","Falhas de autenticação"],"duration":3,"failureDetails":[],"failureMessages":[],"fullName":"Auth Middleware Falhas de autenticação deve retornar 500 para outros erros de JWT","invocations":1,"location":null,"numPassingAsserts":2,"retryReasons":[],"status":"passed","title":"deve retornar 500 para outros erros de JWT"},{"ancestorTitles":["Auth Middleware","Configuração de ambiente"],"duration":2,"failureDetails":[],"failureMessages":[],"fullName":"Auth Middleware Configuração de ambiente deve usar secret padrão quando JWT_SECRET não está definido","invocations":1,"location":null,"numPassingAsserts":1,"retryReasons":[],"status":"passed","title":"deve usar secret padrão quando JWT_SECRET não está definido"},{"ancestorTitles":["Auth Middleware","Extração de token"],"duration":1,"failureDetails":[],"failureMessages":[],"fullName":"Auth Middleware Extração de token deve extrair corretamente token com espaços extras","invocations":1,"location":null,"numPassingAsserts":2,"retryReasons":[],"status":"passed","title":"deve extrair corretamente token com espaços extras"}],"endTime":1755574327469,"message":"","name":"D:\\xampp\\htdocs\\estudos\\carros-fiap\\servico-principal\\src\\__tests__\\infrastructure\\http\\middlewares\\authMiddleware.test.ts","startTime":1755574324744,"status":"passed","summary":""},{"assertionResults":[{"ancestorTitles":["Setup"],"duration":2,"failureDetails":[],"failureMessages":[],"fullName":"Setup should setup test environment","invocations":1,"location":null,"numPassingAsserts":1,"retryReasons":[],"status":"passed","title":"should setup test environment"},{"ancestorTitles":["VeiculoController","POST /veiculos"],"duration":18,"failureDetails":[],"failureMessages":[],"fullName":"VeiculoController POST /veiculos deve cadastrar um veículo com sucesso","invocations":1,"location":null,"numPassingAsserts":12,"retryReasons":[],"status":"passed","title":"deve cadastrar um veículo com sucesso"},{"ancestorTitles":["VeiculoController","POST /veiculos"],"duration":3,"failureDetails":[],"failureMessages":[],"fullName":"VeiculoController POST /veiculos deve retornar erro 400 para dados inválidos","invocations":1,"location":null,"numPassingAsserts":2,"retryReasons":[],"status":"passed","title":"deve retornar erro 400 para dados inválidos"},{"ancestorTitles":["VeiculoController","POST /veiculos"],"duration":2,"failureDetails":[],"failureMessages":[],"fullName":"VeiculoController POST /veiculos deve retornar erro 500 para erros internos","invocations":1,"location":null,"numPassingAsserts":2,"retryReasons":[],"status":"passed","title":"deve retornar erro 500 para erros internos"},{"ancestorTitles":["VeiculoController","GET /veiculos"],"duration":3,"failureDetails":[],"failureMessages":[],"fullName":"VeiculoController GET /veiculos deve listar todos os veículos","invocations":1,"location":null,"numPassingAsserts":7,"retryReasons":[],"status":"passed","title":"deve listar todos os veículos"},{"ancestorTitles":["VeiculoController","GET /veiculos"],"duration":2,"failureDetails":[],"failureMessages":[],"fullName":"VeiculoController GET /veiculos deve retornar lista vazia quando não há veículos","invocations":1,"location":null,"numPassingAsserts":2,"retryReasons":[],"status":"passed","title":"deve retornar lista vazia quando não há veículos"},{"ancestorTitles":["VeiculoController","GET /veiculos/:id"],"duration":2,"failureDetails":[],"failureMessages":[],"fullName":"VeiculoController GET /veiculos/:id deve buscar veículo por ID","invocations":1,"location":null,"numPassingAsserts":8,"retryReasons":[],"status":"passed","title":"deve buscar veículo por ID"},{"ancestorTitles":["VeiculoController","GET /veiculos/:id"],"duration":1,"failureDetails":[],"failureMessages":[],"fullName":"VeiculoController GET /veiculos/:id deve retornar 404 quando veículo não encontrado","invocations":1,"location":null,"numPassingAsserts":2,"retryReasons":[],"status":"passed","title":"deve retornar 404 quando veículo não encontrado"},{"ancestorTitles":["VeiculoController","PUT /veiculos/:id"],"duration":2,"failureDetails":[],"failureMessages":[],"fullName":"VeiculoController PUT /veiculos/:id deve atualizar veículo com sucesso","invocations":1,"location":null,"numPassingAsserts":8,"retryReasons":[],"status":"passed","title":"deve atualizar veículo com sucesso"},{"ancestorTitles":["VeiculoController","PUT /veiculos/:id"],"duration":3,"failureDetails":[],"failureMessages":[],"fullName":"VeiculoController PUT /veiculos/:id deve retornar 404 quando veículo não encontrado para atualização","invocations":1,"location":null,"numPassingAsserts":2,"retryReasons":[],"status":"passed","title":"deve retornar 404 quando veículo não encontrado para atualização"}],"endTime":1755574327569,"message":"","name":"D:\\xampp\\htdocs\\estudos\\carros-fiap\\servico-principal\\src\\__tests__\\infrastructure\\http\\controllers\\VeiculoController.test.ts","startTime":1755574324796,"status":"passed","summary":""},{"assertionResults":[{"ancestorTitles":["Setup"],"duration":3,"failureDetails":[],"failureMessages":[],"fullName":"Setup should setup test environment","invocations":1,"location":null,"numPassingAsserts":1,"retryReasons":[],"status":"passed","title":"should setup test environment"},{"ancestorTitles":["ExternalServices","validarCPF"],"duration":2,"failureDetails":[],"failureMessages":[],"fullName":"ExternalServices validarCPF deve validar CPF válido","invocations":1,"location":null,"numPassingAsserts":2,"retryReasons":[],"status":"passed","title":"deve validar CPF válido"},{"ancestorTitles":["ExternalServices","validarCPF"],"duration":0,"failureDetails":[],"failureMessages":[],"fullName":"ExternalServices validarCPF deve invalidar CPF inválido","invocations":1,"location":null,"numPassingAsserts":1,"retryReasons":[],"status":"passed","title":"deve invalidar CPF inválido"},{"ancestorTitles":["ExternalServices","validarCPF"],"duration":3010,"failureDetails":[],"failureMessages":[],"fullName":"ExternalServices validarCPF deve tratar erro de serviço externo","invocations":1,"location":null,"numPassingAsserts":1,"retryReasons":[],"status":"passed","title":"deve tratar erro de serviço externo"},{"ancestorTitles":["ExternalServices","validarCPF"],"duration":3012,"failureDetails":[],"failureMessages":[],"fullName":"ExternalServices validarCPF deve validar CPF offline quando serviço falha","invocations":1,"location":null,"numPassingAsserts":1,"retryReasons":[],"status":"passed","title":"deve validar CPF offline quando serviço falha"},{"ancestorTitles":["ExternalServices","processarPagamento"],"duration":1,"failureDetails":[],"failureMessages":[],"fullName":"ExternalServices processarPagamento deve processar pagamento com sucesso","invocations":1,"location":null,"numPassingAsserts":2,"retryReasons":[],"status":"passed","title":"deve processar pagamento com sucesso"},{"ancestorTitles":["ExternalServices","processarPagamento"],"duration":1,"failureDetails":[],"failureMessages":[],"fullName":"ExternalServices processarPagamento deve tratar falha no pagamento","invocations":1,"location":null,"numPassingAsserts":1,"retryReasons":[],"status":"passed","title":"deve tratar falha no pagamento"},{"ancestorTitles":["ExternalServices","processarPagamento"],"duration":0,"failureDetails":[],"failureMessages":[],"fullName":"ExternalServices processarPagamento deve tratar erro de conexão com gateway","invocations":1,"location":null,"numPassingAsserts":1,"retryReasons":[],"status":"passed","title":"deve tratar erro de conexão com gateway"},{"ancestorTitles":["ExternalServices","enviarNotificacao"],"duration":1,"failureDetails":[],"failureMessages":[],"fullName":"ExternalServices enviarNotificacao deve enviar notificação por email","invocations":1,"location":null,"numPassingAsserts":2,"retryReasons":[],"status":"passed","title":"deve enviar notificação por email"},{"ancestorTitles":["ExternalServices","enviarNotificacao"],"duration":0,"failureDetails":[],"failureMessages":[],"fullName":"ExternalServices enviarNotificacao deve tratar falha no envio de notificação","invocations":1,"location":null,"numPassingAsserts":1,"retryReasons":[],"status":"passed","title":"deve tratar falha no envio de notificação"},{"ancestorTitles":["ExternalServices","enviarNotificacao"],"duration":0,"failureDetails":[],"failureMessages":[],"fullName":"ExternalServices enviarNotificacao deve enviar notificação SMS","invocations":1,"location":null,"numPassingAsserts":1,"retryReasons":[],"status":"passed","title":"deve enviar notificação SMS"},{"ancestorTitles":["ExternalServices","consultarCEP"],"duration":1,"failureDetails":[],"failureMessages":[],"fullName":"ExternalServices consultarCEP deve consultar CEP válido","invocations":1,"location":null,"numPassingAsserts":2,"retryReasons":[],"status":"passed","title":"deve consultar CEP válido"},{"ancestorTitles":["ExternalServices","consultarCEP"],"duration":0,"failureDetails":[],"failureMessages":[],"fullName":"ExternalServices consultarCEP deve tratar CEP não encontrado","invocations":1,"location":null,"numPassingAsserts":1,"retryReasons":[],"status":"passed","title":"deve tratar CEP não encontrado"},{"ancestorTitles":["ExternalServices","consultarCEP"],"duration":0,"failureDetails":[],"failureMessages":[],"fullName":"ExternalServices consultarCEP deve tratar erro de serviço de CEP","invocations":1,"location":null,"numPassingAsserts":1,"retryReasons":[],"status":"passed","title":"deve tratar erro de serviço de CEP"}],"endTime":1755574332833,"message":"","name":"D:\\xampp\\htdocs\\estudos\\carros-fiap\\servico-principal\\src\\__tests__\\domain\\services\\ExternalServices.test.ts","startTime":1755574324740,"status":"passed","summary":""}],"wasInterrupted":false,"coverageMap":{"D:\\xampp\\htdocs\\estudos\\carros-fiap\\servico-principal\\src\\domain\\entities\\Usuario.ts":{"path":"D:\\xampp\\htdocs\\estudos\\carros-fiap\\servico-principal\\src\\domain\\entities\\Usuario.ts","statementMap":{"0":{"start":{"line":1,"column":0},"end":{"line":1,"column":null}},"1":{"start":{"line":2,"column":2},"end":{"line":2,"column":null}},"2":{"start":{"line":3,"column":2},"end":{"line":3,"column":null}},"3":{"start":{"line":34,"column":4},"end":{"line":34,"column":45}},"4":{"start":{"line":35,"column":4},"end":{"line":35,"column":28}},"5":{"start":{"line":36,"column":4},"end":{"line":36,"column":30}},"6":{"start":{"line":37,"column":4},"end":{"line":37,"column":30}},"7":{"start":{"line":38,"column":4},"end":{"line":38,"column":28}},"8":{"start":{"line":39,"column":4},"end":{"line":39,"column":30}},"9":{"start":{"line":40,"column":4},"end":{"line":40,"column":26}},"10":{"start":{"line":41,"column":4},"end":{"line":41,"column":36}},"11":{"start":{"line":42,"column":4},"end":{"line":42,"column":36}},"12":{"start":{"line":43,"column":4},"end":{"line":43,"column":52}},"13":{"start":{"line":44,"column":4},"end":{"line":44,"column":52}},"14":{"start":{"line":46,"column":4},"end":{"line":46,"column":20}},"15":{"start":{"line":50,"column":4},"end":{"line":50,"column":74}},"16":{"start":{"line":54,"column":4},"end":{"line":56,"column":5}},"17":{"start":{"line":55,"column":6},"end":{"line":55,"column":63}},"18":{"start":{"line":58,"column":4},"end":{"line":60,"column":5}},"19":{"start":{"line":59,"column":6},"end":{"line":59,"column":40}},"20":{"start":{"line":62,"column":4},"end":{"line":64,"column":5}},"21":{"start":{"line":63,"column":6},"end":{"line":63,"column":64}},"22":{"start":{"line":67,"column":4},"end":{"line":71,"column":5}},"23":{"start":{"line":68,"column":6},"end":{"line":70,"column":7}},"24":{"start":{"line":69,"column":8},"end":{"line":69,"column":77}},"25":{"start":{"line":75,"column":23},"end":{"line":75,"column":51}},"26":{"start":{"line":76,"column":4},"end":{"line":76,"column":34}},"27":{"start":{"line":80,"column":21},"end":{"line":80,"column":46}},"28":{"start":{"line":82,"column":4},"end":{"line":84,"column":5}},"29":{"start":{"line":83,"column":6},"end":{"line":83,"column
[...]
"line":49,"column":6},"end":{"line":49,"column":39}},"20":{"start":{"line":55,"column":21},"end":{"line":55,"column":46}},"21":{"start":{"line":58,"column":4},"end":{"line":58,"column":45}},"22":{"start":{"line":58,"column":32},"end":{"line":58,"column":45}},"23":{"start":{"line":61,"column":4},"end":{"line":61,"column":49}},"24":{"start":{"line":61,"column":36},"end":{"line":61,"column":49}},"25":{"start":{"line":64,"column":14},"end":{"line":64,"column":15}},"26":{"start":{"line":65,"column":4},"end":{"line":67,"column":5}},"27":{"start":{"line":65,"column":17},"end":{"line":65,"column":18}},"28":{"start":{"line":66,"column":6},"end":{"line":66,"column":46}},"29":{"start":{"line":68,"column":21},"end":{"line":68,"column":36}},"30":{"start":{"line":69,"column":4},"end":{"line":69,"column":41}},"31":{"start":{"line":69,"column":26},"end":{"line":69,"column":41}},"32":{"start":{"line":71,"column":4},"end":{"line":71,"column":59}},"33":{"start":{"line":71,"column":46},"end":{"line":71,"column":59}},"34":{"start":{"line":73,"column":4},"end":{"line":73,"column":12}},"35":{"start":{"line":74,"column":4},"end":{"line":76,"column":5}},"36":{"start":{"line":74,"column":17},"end":{"line":74,"column":18}},"37":{"start":{"line":75,"column":6},"end":{"line":75,"column":46}},"38":{"start":{"line":77,"column":22},"end":{"line":77,"column":37}},"39":{"start":{"line":78,"column":4},"end":{"line":78,"column":43}},"40":{"start":{"line":78,"column":27},"end":{"line":78,"column":43}},"41":{"start":{"line":80,"column":4},"end":{"line":80,"column":50}},"42":{"start":{"line":84,"column":4},"end":{"line":91,"column":5}},"43":{"start":{"line":86,"column":20},"end":{"line":86,"column":36}},"44":{"start":{"line":87,"column":23},"end":{"line":87,"column":80}},"45":{"start":{"line":88,"column":6},"end":{"line":88,"column":33}},"46":{"start":{"line":90,"column":6},"end":{"line":90,"column":19}},"47":{"start":{"line":100,"column":4},"end":{"line":124,"column":5}},"48":{"start":{"line":101,"column":23},"end":{"line":103,"column":8}},"49":{"start":{"line":106,"column":6},"end":{"line":111,"column":7}},"50":{"start":{"line":107,"column":8},"end":{"line":110,"column":10}},"51":{"start":{"line":113,"column":6},"end":{"line":118,"column":8}},"52":{"start":{"line":120,"column":6},"end":{"line":123,"column":8}},"53":{"start":{"line":133,"column":4},"end":{"line":139,"column":5}},"54":{"start":{"line":134,"column":20},"end":{"line":134,"column":36}},"55":{"start":{"line":135,"column":6},"end":{"line":135,"column":63}},"56":{"start":{"line":136,"column":6},"end":{"line":136,"column":18}},"57":{"start":{"line":138,"column":6},"end":{"line":138,"column":19}},"58":{"start":{"line":143,"column":4},"end":{"line":154,"column":5}},"59":{"start":{"line":144,"column":20},"end":{"line":144,"column":36}},"60":{"start":{"line":145,"column":23},"end":{"line":145,"column":68}},"61":{"start":{"line":147,"column":6},"end":{"line":149,"column":7}},"62":{"start":{"line":148,"column":8},"end":{"line":148,"column":20}},"63":{"start":{"line":151,"column":6},"end":{"line":151,"column":27}},"64":{"start":{"line":153,"column":6},"end":{"line":153,"column":18}},"65":{"start":{"line":158,"column":4},"end":{"line":168,"column":5}},"66":{"start":{"line":159,"column":20},"end":{"line":159,"column":36}},"67":{"start":{"line":160,"column":6},"end":{"line":165,"column":9}},"68":{"start":{"line":167,"column":6},"end":{"line":167,"column":65}},"69":{"start":{"line":172,"column":4},"end":{"line":181,"column":5}},"70":{"start":{"line":173,"column":20},"end":{"line":173,"column":36}},"71":{"start":{"line":174,"column":6},"end":{"line":178,"column":9}},"72":{"start":{"line":180,"column":6},"end":{"line":180,"column":65}},"73":{"start":{"line":185,"column":4},"end":{"line":191,"column":5}},"74":{"start":{"line":186,"column":20},"end":{"line":186,"column":36}},"75":{"start":{"line":187,"column":23},"end":{"line":187,"column":94}},"76":{"start":{"line":188,"column":6},"end":{"line":188,"column":38}},"77":{"start":{"line":190,"column":6},"end":{"line":190,"column":19}},"78":{"start":{"line":195,"column":4},"end":{"line":201,"column":5}},"79":{"start":{"line":196,"column":20},"end":{"line":196,"column":36}},"80":{"start":{"line":197,"column":23},"end":{"line":197,"column":78}},"81":{"start":{"line":198,"column":6},"end":{"line":198,"column":27}},"82":{"start":{"line":200,"column":6},"end":{"line":200,"column":18}},"83":{"start":{"line":11,"column":0},"end":{"line":11,"column":13}}},"fnMap":{"0":{"name":"(anonymous_0)","decl":{"start":{"line":11,"column":0},"end":{"line":11,"column":13}},"loc":{"start":{"line":11,"column":0},"end":{"line":203,"column":1}}},"1":{"name":"(anonymous_1)","decl":{"start":{"line":15,"column":10},"end":{"line":15,"column":15}},"loc":{"start":{"line":15,"column":90},"end":{"line":27,"column":3}}},"2":{"name":"(anonymous_2)","decl":{"start":{"line":29,"column":10},"end":{"line":29,"column":15}},"loc":{"start":{"line":29,"column":75},"end":{"line":38,"column":3}}},"3":{"name":"(anonymous_3)","decl":{"start":{"line":35,"column":26},"end":{"line":35,"column":33}},"loc":{"start":{"line":35,"column":37},"end":{"line":35,"column":72}}},"4":{"name":"(anonymous_4)","decl":{"start":{"line":40,"column":2},"end":{"line":40,"column":7}},"loc":{"start":{"line":40,"column":30},"end":{"line":51,"column":3}}},"5":{"name":"(anonymous_5)","decl":{"start":{"line":43,"column":47},"end":{"line":43,"column":50}},"loc":{"start":{"line":44,"column":8},"end":{"line":44,"column":69}}},"6":{"name":"(anonymous_6)","decl":{"start":{"line":53,"column":10},"end":{"line":53,"column":25}},"loc":{"start":{"line":53,"column":37},"end":{"line":81,"column":3}}},"7":{"name":"(anonymous_7)","decl":{"start":{"line":83,"column":2},"end":{"line":83,"column":7}},"loc":{"start":{"line":83,"column":34},"end":{"line":92,"column":3}}},"8":{"name":"(anonymous_8)","decl":{"start":{"line":94,"column":2},"end":{"line":94,"column":7}},"loc":{"start":{"line":99,"column":3},"end":{"line":125,"column":3}}},"9":{"name":"(anonymous_9)","decl":{"start":{"line":127,"column":2},"end":{"line":127,"column":7}},"loc":{"start":{"line":132,"column":3},"end":{"line":140,"column":3}}},"10":{"name":"(anonymous_10)","decl":{"start":{"line":142,"column":2},"end":{"line":142,"column":7}},"loc":{"start":{"line":142,"column":32},"end":{"line":155,"column":3}}},"11":{"name":"(anonymous_11)","decl":{"start":{"line":157,"column":2},"end":{"line":157,"column":7}},"loc":{"start":{"line":157,"column":96},"end":{"line":169,"column":3}}},"12":{"name":"(anonymous_12)","decl":{"start":{"line":171,"column":2},"end":{"line":171,"column":7}},"loc":{"start":{"line":171,"column":74},"end":{"line":182,"column":3}}},"13":{"name":"(anonymous_13)","decl":{"start":{"line":184,"column":2},"end":{"line":184,"column":7}},"loc":{"start":{"line":184,"column":50},"end":{"line":192,"column":3}}},"14":{"name":"(anonymous_14)","decl":{"start":{"line":194,"column":2},"end":{"line":194,"column":7}},"loc":{"start":{"line":194,"column":43},"end":{"line":202,"column":3}}}},"branchMap":{"0":{"loc":{"start":{"line":19,"column":15},"end":{"line":19,"column":28}},"type":"binary-expr","locations":[{"start":{"line":19,"column":15},"end":{"line":19,"column":22}},{"start":{"line":19,"column":26},"end":{"line":19,"column":28}}]},"1":{"loc":{"start":{"line":22,"column":4},"end":{"line":26,"column":5}},"type":"if","locations":[{"start":{"line":22,"column":4},"end":{"line":26,"column":5}},{"start":{"line":24,"column":11},"end":{"line":26,"column":5}}]},"2":{"loc":{"start":{"line":29,"column":53},"end":{"line":29,"column":75}},"type":"default-arg","locations":[{"start":{"line":29,"column":74},"end":{"line":29,"column":75}}]},"3":{"loc":{"start":{"line":34,"column":8},"end":{"line":34,"column":46}},"type":"if","locations":[{"start":{"line":34,"column":8},"end":{"line":34,"column":46}}]},"4":{"loc":{"start":{"line":58,"column":4},"end":{"line":58,"column":45}},"type":"if","locations":[{"start":{"line":58,"column":4},"end":{"line":58,"column":45}}]},"5":{"loc":{"start":{"line":61,"column":4},"end":{"line":61,"column":49}},"type":"if","locations":[{"start":{"line":61,"column":4},"end":{"line":61,"column":49}}]},"6":{"loc":{"start":{"line":69,"column":4},"end":{"line":69,"column":41}},"type":"if","locations":[{"start":{"line":69,"column":4},"end":{"line":69,"column":41}}]},"7":{"loc":{"start":{"line":71,"column":4},"end":{"line":71,"column":59}},"type":"if","locations":[{"start":{"line":71,"column":4},"end":{"line":71,"column":59}}]},"8":{"loc":{"start":{"line":78,"column":4},"end":{"line":78,"column":43}},"type":"if","locations":[{"start":{"line":78,"column":4},"end":{"line":78,"column":43}}]},"9":{"loc":{"start":{"line":106,"column":6},"end":{"line":111,"column":7}},"type":"if","locations":[{"start":{"line":106,"column":6},"end":{"line":111,"column":7}}]},"10":{"loc":{"start":{"line":109,"column":17},"end":{"line":109,"column":61}},"type":"binary-expr","locations":[{"start":{"line":109,"column":17},"end":{"line":109,"column":36}},{"start":{"line":109,"column":40},"end":{"line":109,"column":61}}]},"11":{"loc":{"start":{"line":147,"column":6},"end":{"line":149,"column":7}},"type":"if","locations":[{"start":{"line":147,"column":6},"end":{"line":149,"column":7}}]}},"s":{"0":13,"1":13,"2":11,"3":11,"4":11,"5":8,"6":3,"7":4,"8":4,"9":8,"10":8,"11":6,"12":2,"13":4,"14":4,"15":4,"16":4,"17":8,"18":2,"19":2,"20":2,"21":2,"22":0,"23":2,"24":0,"25":2,"26":2,"27":2,"28":18,"29":2,"30":2,"31":1,"32":2,"33":0,"34":2,"35":2,"36":2,"37":20,"38":2,"39":2,"40":0,"41":2,"42":0,"43":0,"44":0,"45":0,"46":0,"47":3,"48":3,"49":2,"50":1,"51":1,"52":1,"53":3,"54":3,"55":3,"56":2,"57":1,"58":3,"59":3,"60":3,"61":2,"62":1,"63":1,"64":1,"65":0,"66":0,"67":0,"68":0,"69":0,"70":0,"71":0,"72":0,"73":0,"74":0,"75":0,"76":0,"77":0,"78":0,"79":0,"80":0,"81":0,"82":0,"83":1},"f":{"0":13,"1":11,"2":4,"3":4,"4":4,"5":8,"6":2,"7":0,"8":3,"9":3,"10":3,"11":0,"12":0,"13":0,"14":0},"b":{"0":[11,8],"1":[8,3],"2":[4],"3":[2],"4":[0],"5":[0],"6":[1],"7":[0],"8":[0],"9":[1],"10":[1,0],"11":[1]}},"D:\\xampp\\htdocs\\estudos\\carros-fiap\\servico-principal\\src\\infrastructure\\http\\routes\\webhookRoutes.ts":{"path":"D:\\xampp\\htdocs\\estudos\\carros-fiap\\servico-principal\\src\\infrastructure\\http\\routes\\webhookRoutes.ts","statementMap":{"0":{"start":{"line":1,"column":0},"end":{"line":1,"column":33}},"1":{"start":{"line":2,"column":0},"end":{"line":2,"column":69}},"2":{"start":{"line":4,"column":15},"end":{"line":4,"column":23}},"3":{"start":{"line":5,"column":26},"end":{"line":5,"column":49}},"4":{"start":{"line":133,"column":0},"end":{"line":133,"column":88}},"5":{"start":{"line":133,"column":40},"end":{"line":133,"column":86}},"6":{"start":{"line":169,"column":0},"end":{"line":169,"column":97}},"7":{"start":{"line":169,"column":47},"end":{"line":169,"column":95}},"8":{"start":{"line":171,"column":0},"end":{"line":171,"column":22}}},"fnMap":{"0":{"name":"(anonymous_0)","decl":{"start":{"line":133,"column":26},"end":{"line":133,"column":27}},"loc":{"start":{"line":133,"column":40},"end":{"line":133,"column":86}}},"1":{"name":"(anonymous_1)","decl":{"start":{"line":169,"column":33},"end":{"line":169,"column":34}},"loc":{"start":{"line":169,"column":47},"end":{"line":169,"column":95}}}},"branchMap":{},"s":{"0":0,"1":0,"2":0,"3":0,"4":0,"5":0,"6":0,"7":0,"8":0},"f":{"0":0,"1":0},"b":{}},"D:\\xampp\\htdocs\\estudos\\carros-fiap\\servico-principal\\src\\infrastructure\\swagger\\swagger.ts":{"path":"D:\\xampp\\htdocs\\estudos\\carros-fiap\\servico-principal\\src\\infrastructure\\swagger\\swagger.ts","statementMap":{"0":{"start":{"line":1,"column":0},"end":{"line":1,"column":41}},"1":{"start":{"line":2,"column":0},"end":{"line":2,"column":7}},"2":{"start":{"line":331,"column":9},"end":{"line":2,"column":43}},"3":{"start":{"line":4,"column":38},"end":{"line":327,"column":2}},"4":{"start":{"line":329,"column":14},"end":{"line":329,"column":35}},"5":{"start":{"line":331,"column":20},"end":{"line":331,"column":25}}},"fnMap":{},"branchMap":{},"s":{"0":0,"1":0,"2":0,"3":0,"4":0,"5":0},"f":{},"b":{}},"D:\\xampp\\htdocs\\estudos\\carros-fiap\\servico-principal\\src\\infrastructure\\http\\routes\\authRoutes.ts":{"path":"D:\\xampp\\htdocs\\estudos\\carros-fiap\\servico-principal\\src\\infrastructure\\http\\routes\\authRoutes.ts","statementMap":{"0":{"start":{"line":1,"column":0},"end":{"line":1,"column":33}},"1":{"start":{"line":2,"column":0},"end":{"line":2,"column":63}},"2":{"start":{"line":3,"column":0},"end":{"line":3,"column":63}},"3":{"start":{"line":5,"column":15},"end":{"line":5,"column":23}},"4":{"start":{"line":6,"column":23},"end":{"line":6,"column":43}},"5":{"start":{"line":170,"column":0},"end":{"line":170,"column":92}},"6":{"start":{"line":170,"column":56},"end":{"line":170,"column":90}},"7":{"start":{"line":203,"column":0},"end":{"line":203,"column":91}},"8":{"start":{"line":203,"column":48},"end":{"line":203,"column":89}},"9":{"start":{"line":236,"column":0},"end":{"line":236,"column":68}},"10":{"start":{"line":236,"column":36},"end":{"line":236,"column":66}},"11":{"start":{"line":238,"column":0},"end":{"line":238,"column":22}}},"fnMap":{"0":{"name":"(anonymous_0)","decl":{"start":{"line":170,"column":42},"end":{"line":170,"column":43}},"loc":{"start":{"line":170,"column":56},"end":{"line":170,"column":90}}},"1":{"name":"(anonymous_1)","decl":{"start":{"line":203,"column":34},"end":{"line":203,"column":35}},"loc":{"start":{"line":203,"column":48},"end":{"line":203,"column":89}}},"2":{"name":"(anonymous_2)","decl":{"start":{"line":236,"column":22},"end":{"line":236,"column":23}},"loc":{"start":{"line":236,"column":36},"end":{"line":236,"column":66}}}},"branchMap":{},"s":{"0":0,"1":0,"2":0,"3":0,"4":0,"5":0,"6":0,"7":0,"8":0,"9":0,"10":0,"11":0},"f":{"0":0,"1":0,"2":0},"b":{}},"D:\\xampp\\htdocs\\estudos\\carros-fiap\\servico-principal\\src\\infrastructure\\http\\routes\\veiculoRoutes.ts":{"path":"D:\\xampp\\htdocs\\estudos\\carros-fiap\\servico-principal\\src\\infrastructure\\http\\routes\\veiculoRoutes.ts","statementMap":{"0":{"start":{"line":1,"column":0},"end":{"line":1,"column":33}},"1":{"start":{"line":2,"column":0},"end":{"line":2,"column":69}},"2":{"start":{"line":3,"column":0},"end":{"line":3,"column":63}},"3":{"start":{"line":5,"column":15},"end":{"line":5,"column":23}},"4":{"start":{"line":6,"column":26},"end":{"line":6,"column":49}},"5":{"start":{"line":130,"column":0},"end":{"line":130,"column":86}},"6":{"start":{"line":130,"column":47},"end":{"line":130,"column":84}},"7":{"start":{"line":231,"column":0},"end":{"line":231,"column":66}},"8":{"start":{"line":231,"column":30},"end":{"line":231,"column":64}},"9":{"start":{"line":258,"column":0},"end":{"line":258,"column":74}},"10":{"start":{"line":258,"column":33},"end":{"line":258,"column":72}},"11":{"start":{"line":299,"column":0},"end":{"line":299,"column":88}},"12":{"start":{"line":299,"column":49},"end":{"line":299,"column":86}},"13":{"start":{"line":328,"column":0},"end":{"line":328,"column":89}},"14":{"start":{"line":328,"column":52},"end":{"line":328,"column":87}},"15":{"start":{"line":330,"column":0},"end":{"line":330,"column":22}}},"fnMap":{"0":{"name":"(anonymous_0)","decl":{"start":{"line":130,"column":33},"end":{"line":130,"column":34}},"loc":{"start":{"line":130,"column":47},"end":{"line":130,"column":84}}},"1":{"name":"(anonymous_1)","decl":{"start":{"line":231,"column":16},"end":{"line":231,"column":17}},"loc":{"start":{"line":231,"column":30},"end":{"line":231,"column":64}}},"2":{"name":"(anonymous_2)","decl":{"start":{"line":258,"column":19},"end":{"line":258,"column":20}},"loc":{"start":{"line":258,"column":33},"end":{"line":258,"column":72}}},"3":{"name":"(anonymous_3)","decl":{"start":{"line":299,"column":35},"end":{"line":299,"column":36}},"loc":{"start":{"line":299,"column":49},"end":{"line":299,"column":86}}},"4":{"name":"(anonymous_4)","decl":{"start":{"line":328,"column":38},"end":{"line":328,"column":39}},"loc":{"start":{"line":328,"column":52},"end":{"line":328,"column":87}}}},"branchMap":{},"s":{"0":0,"1":0,"2":0,"3":0,"4":0,"5":0,"6":0,"7":0,"8":0,"9":0,"10":0,"11":0,"12":0,"13":0,"14":0,"15":0},"f":{"0":0,"1":0,"2":0,"3":0,"4":0},"b":{}},"D:\\xampp\\htdocs\\estudos\\carros-fiap\\servico-principal\\src\\infrastructure\\database\\seed.ts":{"path":"D:\\xampp\\htdocs\\estudos\\carros-fiap\\servico-principal\\src\\infrastructure\\database\\seed.ts","statementMap":{"0":{"start":{"line":1,"column":0},"end":{"line":1,"column":58}},"1":{"start":{"line":2,"column":0},"end":{"line":2,"column":33}},"2":{"start":{"line":3,"column":0},"end":{"line":3,"column":60}},"3":{"start":{"line":9,"column":4},"end":{"line":9,"column":47}},"4":{"start":{"line":13,"column":4},"end":{"line":49,"column":5}},"5":{"start":{"line":14,"column":6},"end":{"line":14,"column":30}},"6":{"start":{"line":17,"column":29},"end":{"line":19,"column":null}},"7":{"start":{"line":22,"column":6},"end":{"line":25,"column":7}},"8":{"start":{"line":23,"column":8},"end":{"line":23,"column":68}},"9":{"start":{"line":24,"column":8},"end":{"line":24,"column":15}},"10":{"start":{"line":28,"column":24},"end":{"line":28,"column":58}},"11":{"start":{"line":31,"column":6},"end":{"line":40,"column":8}},"12":{"start":{"line":42,"column":6},"end":{"line":42,"column":55}},"13":{"start":{"line":43,"column":6},"end":{"line":43,"column":47}},"14":{"start":{"line":44,"column":6},"end":{"line":44,"column":38}},"15":{"start":{"line":47,"column":6},"end":{"line":47,"column":59}},"16":{"start":{"line":48,"column":6},"end":{"line":48,"column":18}},"17":{"start":{"line":53,"column":4},"end":{"line":53,"column":58}},"18":{"start":{"line":55,"column":4},"end":{"line":61,"column":5}},"19":{"start":{"line":56,"column":6},"end":{"line":56,"column":37}},"20":{"start":{"line":57,"column":6},"end":{"line":57,"column":49}},"21":{"start":{"line":59,"column":6},"end":{"line":59,"column":51}},"22":{"start":{"line":60,"column":6},"end":{"line":60,"column":22}},"23":{"start":{"line":5,"column":0},"end":{"line":5,"column":13}},"24":{"start":{"line":66,"column":0},"end":{"line":77,"column":1}},"25":{"start":{"line":67,"column":15},"end":{"line":67,"column":33}},"26":{"start":{"line":68,"column":2},"end":{"line":76,"column":7}},"27":{"start":{"line":70,"column":6},"end":{"line":70,"column":38}},"28":{"start":{"line":71,"column":6},"end":{"line":71,"column":22}},"29":{"start":{"line":74,"column":6},"end":{"line":74,"column":55}},"30":{"start":{"line":75,"column":6},"end":{"line":75,"column":22}}},"fnMap":{"0":{"name":"(anonymous_9)","decl":{"start":{"line":8,"column":2},"end":{"line":8,"column":null}},"loc":{"start":{"line":8,"column":2},"end":{"line":10,"column":3}}},"1":{"name":"(anonymous_10)","decl":{"start":{"line":12,"column":2},"end":{"line":12,"column":7}},"loc":{"start":{"line":12,"column":25},"end":{"line":50,"column":3}}},"2":{"name":"(anonymous_11)","decl":{"start":{"line":52,"column":2},"end":{"line":52,"column":7}},"loc":{"start":{"line":52,"column":16},"end":{"line":62,"column":3}}},"3":{"name":"(anonymous_12)","decl":{"start":{"line":69,"column":10},"end":{"line":69,"column":13}},"loc":{"start":{"line":69,"column":15},"end":{"line":72,"column":5}}},"4":{"name":"(anonymous_13)","decl":{"start":{"line":73,"column":11},"end":{"line":73,"column":12}},"loc":{"start":{"line":73,"column":21},"end":{"line":76,"column":5}}}},"branchMap":{"0":{"loc":{"start":{"line":22,"column":6},"end":{"line":25,"column":7}},"type":"if","locations":[{"start":{"line":22,"column":6},"end":{"line":25,"column":7}}]},"1":{"loc":{"start":{"line":66,"column":0},"end":{"line":77,"column":1}},"type":"if","locations":[{"start":{"line":66,"column":0},"end":{"line":77,"column":1}}]}},"s":{"0":0,"1":0,"2":0,"3":0,"4":0,"5":0,"6":0,"7":0,"8":0,"9":0,"10":0,"11":0,"12":0,"13":0,"14":0,"15":0,"16":0,"17":0,"18":0,"19":0,"20":0,"21":0,"22":0,"23":0,"24":0,"25":0,"26":0,"27":0,"28":0,"29":0,"30":0},"f":{"0":0,"1":0,"2":0,"3":0,"4":0},"b":{"0":[0],"1":[0]}}}}
