TN:
SF:src\application\usecases\CadastrarVeiculoUseCase.ts
FN:28,(anonymous_0)
FN:32,(anonymous_1)
FNF:2
FNH:2
FNDA:11,(anonymous_0)
FNDA:12,(anonymous_1)
DA:1,5
DA:3,5
DA:25,5
DA:29,11
DA:33,12
DA:42,12
DA:43,12
DA:45,12
LF:8
LH:8
BRF:0
BRH:0
end_of_record
TN:
SF:src\application\usecases\ConsultarVeiculoUseCase.ts
FN:38,(anonymous_0)
FN:42,(anonymous_1)
FN:65,(anonymous_2)
FN:69,(anonymous_3)
FN:81,(anonymous_4)
FN:88,(anonymous_5)
FN:103,(anonymous_6)
FN:109,(anonymous_7)
FN:115,(anonymous_8)
FN:119,(anonymous_9)
FN:123,(anonymous_10)
FN:127,(anonymous_11)
FN:130,(anonymous_12)
FN:146,(anonymous_13)
FN:149,(anonymous_14)
FN:165,(anonymous_15)
FN:168,(anonymous_16)
FNF:17
FNH:15
FNDA:23,(anonymous_0)
FNDA:6,(anonymous_1)
FNDA:2,(anonymous_2)
FNDA:9,(anonymous_3)
FNDA:0,(anonymous_4)
FNDA:0,(anonymous_5)
FNDA:8,(anonymous_6)
FNDA:4,(anonymous_7)
FNDA:4,(anonymous_8)
FNDA:2,(anonymous_9)
FNDA:7,(anonymous_10)
FNDA:5,(anonymous_11)
FNDA:15,(anonymous_12)
FNDA:8,(anonymous_13)
FNDA:6,(anonymous_14)
FNDA:1,(anonymous_15)
FNDA:1,(anonymous_16)
DA:2,5
DA:3,5
DA:35,5
DA:39,23
DA:43,6
DA:45,6
DA:46,2
DA:49,4
DA:66,2
DA:73,9
DA:74,2
DA:75,1
DA:76,1
DA:77,1
DA:79,0
DA:81,0
DA:82,0
DA:85,7
DA:86,0
DA:87,0
DA:88,0
DA:89,0
DA:92,7
DA:94,0
DA:96,7
DA:99,9
DA:102,9
DA:103,3
DA:104,8
DA:108,9
DA:109,2
DA:110,4
DA:114,9
DA:115,4
DA:118,9
DA:119,2
DA:122,9
DA:123,7
DA:126,9
DA:127,5
DA:130,15
DA:147,8
DA:149,6
DA:166,1
DA:168,1
LF:45
LH:37
BRDA:45,0,0,2
BRDA:73,1,0,2
BRDA:73,1,1,7
BRDA:73,2,0,9
BRDA:73,2,1,2
BRDA:74,3,0,1
BRDA:74,3,1,1
BRDA:76,4,0,1
BRDA:76,4,1,0
BRDA:82,5,0,0
BRDA:82,5,1,0
BRDA:85,6,0,0
BRDA:85,6,1,7
BRDA:87,7,0,0
BRDA:89,8,0,0
BRDA:89,8,1,0
BRDA:92,9,0,0
BRDA:92,9,1,7
BRDA:102,10,0,3
BRDA:108,11,0,2
BRDA:114,12,0,2
BRDA:118,13,0,1
BRDA:122,14,0,3
BRDA:126,15,0,3
BRDA:146,16,0,3
BRDA:165,17,0,0
BRF:26
BRH:17
end_of_record
TN:
SF:src\application\usecases\EditarVeiculoUseCase.ts
FN:28,(anonymous_0)
FN:32,(anonymous_1)
FN:62,(anonymous_2)
FNF:3
FNH:2
FNDA:6,(anonymous_0)
FNDA:6,(anonymous_1)
FNDA:0,(anonymous_2)
DA:2,5
DA:25,5
DA:29,6
DA:33,6
DA:35,6
DA:36,1
DA:40,5
DA:41,5
DA:42,5
DA:43,5
DA:44,5
DA:45,5
DA:46,5
DA:48,5
DA:50,4
DA:63,0
DA:65,0
DA:66,0
DA:69,0
LF:19
LH:15
BRDA:35,0,0,1
BRDA:41,1,0,3
BRDA:42,2,0,3
BRDA:43,3,0,3
BRDA:44,4,0,3
BRDA:45,5,0,3
BRDA:46,6,0,0
BRDA:65,7,0,0
BRF:8
BRH:6
end_of_record
TN:
SF:src\application\usecases\LoginUseCase.ts
FN:21,(anonymous_9)
FN:25,(anonymous_10)
FNF:2
FNH:2
FNDA:6,(anonymous_9)
FNDA:6,(anonymous_10)
DA:3,8
DA:4,8
DA:5,8
DA:18,8
DA:22,6
DA:27,6
DA:28,6
DA:29,1
DA:33,5
DA:34,1
DA:38,4
DA:39,4
DA:40,1
DA:44,3
DA:45,3
DA:51,3
DA:54,3
DA:56,3
LF:18
LH:18
BRDA:28,0,0,1
BRDA:33,1,0,1
BRDA:39,2,0,1
BRDA:44,3,0,3
BRDA:44,3,1,1
BRF:5
BRH:5
end_of_record
TN:
SF:src\application\usecases\ProcessarWebhookPagamentoUseCase.ts
FN:26,(anonymous_0)
FN:30,(anonymous_1)
FNF:2
FNH:2
FNDA:15,(anonymous_0)
FNDA:15,(anonymous_1)
DA:2,6
DA:3,6
DA:23,6
DA:27,15
DA:31,15
DA:33,15
DA:34,2
DA:38,13
DA:39,1
DA:46,12
DA:49,6
DA:50,2
DA:53,4
DA:54,1
DA:59,3
DA:60,3
DA:61,3
DA:64,3
DA:70,2
DA:74,3
DA:75,3
DA:77,3
DA:83,3
DA:86,2
DA:87,2
DA:89,2
DA:93,2
DA:96,1
DA:99,7
LF:29
LH:29
BRDA:33,0,0,2
BRDA:38,1,0,1
BRDA:46,2,0,6
BRDA:46,2,1,2
BRDA:46,2,2,3
BRDA:46,2,3,2
BRDA:46,2,4,1
BRDA:49,3,0,2
BRDA:49,4,0,6
BRDA:49,4,1,5
BRDA:53,5,0,1
BRF:11
BRH:11
end_of_record
TN:
SF:src\application\usecases\RegistrarUsuarioUseCase.ts
FN:21,(anonymous_1)
FN:23,(anonymous_2)
FN:79,(anonymous_3)
FNF:3
FNH:3
FNDA:24,(anonymous_1)
FNDA:28,(anonymous_2)
FNDA:22,(anonymous_3)
DA:1,9
DA:3,9
DA:20,9
DA:21,24
DA:25,28
DA:26,5
DA:29,23
DA:30,3
DA:33,20
DA:34,3
DA:37,17
DA:38,2
DA:42,15
DA:43,14
DA:44,2
DA:48,12
DA:49,8
DA:50,7
DA:51,2
DA:56,9
DA:59,8
DA:71,6
DA:73,5
DA:80,22
DA:81,22
DA:82,22
DA:83,20
DA:84,20
DA:85,20
DA:86,20
DA:88,0
LF:31
LH:30
BRDA:25,0,0,5
BRDA:25,1,0,28
BRDA:25,1,1,26
BRDA:29,2,0,3
BRDA:29,3,0,23
BRDA:29,3,1,22
BRDA:33,4,0,3
BRDA:33,5,0,20
BRDA:33,5,1,19
BRDA:37,6,0,2
BRDA:37,7,0,17
BRDA:37,7,1,16
BRDA:43,8,0,2
BRDA:48,9,0,8
BRDA:48,10,0,12
BRDA:48,10,1,9
BRDA:50,11,0,2
BRDA:82,12,0,2
BRDA:82,13,0,22
BRDA:82,13,1,22
BRDA:83,14,0,0
BRDA:83,15,0,20
BRDA:83,15,1,20
BRDA:84,16,0,0
BRDA:85,17,0,0
BRDA:85,18,0,20
BRDA:85,18,1,20
BRF:27
BRH:24
end_of_record
TN:
SF:src\application\usecases\index.ts
FN:1,(anonymous_0)
FN:2,(anonymous_1)
FN:3,(anonymous_2)
FN:4,(anonymous_3)
FN:5,(anonymous_4)
FN:6,(anonymous_5)
FNF:6
FNH:4
FNDA:25,(anonymous_0)
FNDA:25,(anonymous_1)
FNDA:25,(anonymous_2)
FNDA:0,(anonymous_3)
FNDA:6,(anonymous_4)
FNDA:0,(anonymous_5)
DA:1,29
DA:2,29
DA:3,29
DA:4,4
DA:5,10
DA:6,4
LF:6
LH:6
BRF:0
BRH:0
end_of_record
TN:
SF:src\domain\entities\Usuario.ts
FN:3,(anonymous_0)
FN:35,(anonymous_1)
FN:51,(anonymous_2)
FN:54,(anonymous_3)
FN:76,(anonymous_4)
FN:90,(anonymous_5)
FN:115,(anonymous_6)
FN:116,(anonymous_7)
FN:117,(anonymous_8)
FN:118,(anonymous_9)
FN:119,(anonymous_10)
FN:120,(anonymous_11)
FN:121,(anonymous_12)
FN:122,(anonymous_13)
FN:123,(anonymous_14)
FN:124,(anonymous_15)
FN:125,(anonymous_16)
FN:128,(anonymous_17)
FN:140,(anonymous_18)
FN:149,(anonymous_19)
FN:154,(anonymous_20)
FN:159,(anonymous_21)
FN:163,(anonymous_22)
FN:167,(anonymous_23)
FN:171,(anonymous_24)
FN:175,(anonymous_25)
FN:191,(anonymous_26)
FNF:27
FNH:23
FNDA:20,(anonymous_0)
FNDA:58,(anonymous_1)
FNDA:29,(anonymous_2)
FNDA:58,(anonymous_3)
FNDA:56,(anonymous_4)
FNDA:40,(anonymous_5)
FNDA:12,(anonymous_6)
FNDA:8,(anonymous_7)
FNDA:10,(anonymous_8)
FNDA:7,(anonymous_9)
FNDA:11,(anonymous_10)
FNDA:4,(anonymous_11)
FNDA:10,(anonymous_12)
FNDA:5,(anonymous_13)
FNDA:5,(anonymous_14)
FNDA:1,(anonymous_15)
FNDA:1,(anonymous_16)
FNDA:0,(anonymous_17)
FNDA:0,(anonymous_18)
FNDA:0,(anonymous_19)
FNDA:0,(anonymous_20)
FNDA:5,(anonymous_21)
FNDA:4,(anonymous_22)
FNDA:2,(anonymous_23)
FNDA:3,(anonymous_24)
FNDA:1,(anonymous_25)
FNDA:9,(anonymous_26)
DA:1,20
DA:3,20
DA:4,20
DA:5,20
DA:22,20
DA:36,58
DA:37,58
DA:38,58
DA:39,58
DA:40,58
DA:41,58
DA:42,58
DA:43,58
DA:44,58
DA:45,58
DA:46,58
DA:48,58
DA:52,29
DA:55,58
DA:56,2
DA:59,56
DA:60,1
DA:63,55
DA:64,1
DA:68,54
DA:69,41
DA:70,3
DA:77,56
DA:78,56
DA:79,56
DA:80,55
DA:81,55
DA:82,55
DA:83,55
DA:85,0
DA:91,40
DA:93,40
DA:94,1
DA:97,39
DA:98,39
DA:99,351
DA:101,39
DA:102,39
DA:103,39
DA:105,39
DA:106,39
DA:107,390
DA:109,39
DA:110,39
DA:111,39
DA:115,12
DA:116,8
DA:117,10
DA:118,7
DA:119,11
DA:120,4
DA:121,10
DA:122,5
DA:123,5
DA:124,1
DA:125,1
DA:129,0
DA:130,0
DA:131,0
DA:132,0
DA:133,0
DA:134,0
DA:136,0
DA:137,0
DA:141,0
DA:142,0
DA:145,0
DA:146,0
DA:150,0
DA:151,0
DA:155,0
DA:156,0
DA:160,5
DA:164,4
DA:168,2
DA:172,3
DA:176,1
DA:192,9
LF:83
LH:66
BRDA:3,0,0,20
BRDA:3,0,1,20
BRDA:36,1,0,58
BRDA:36,1,1,29
BRDA:45,2,0,58
BRDA:45,2,1,40
BRDA:46,3,0,58
BRDA:46,3,1,40
BRDA:55,4,0,2
BRDA:55,5,0,58
BRDA:55,5,1,57
BRDA:59,6,0,1
BRDA:59,7,0,56
BRDA:59,7,1,56
BRDA:63,8,0,1
BRDA:63,9,0,55
BRDA:63,9,1,55
BRDA:68,10,0,41
BRDA:69,11,0,3
BRDA:69,12,0,41
BRDA:69,12,1,40
BRDA:79,13,0,1
BRDA:79,14,0,56
BRDA:79,14,1,56
BRDA:80,15,0,0
BRDA:80,16,0,55
BRDA:80,16,1,55
BRDA:81,17,0,0
BRDA:82,18,0,0
BRDA:82,19,0,55
BRDA:82,19,1,55
BRDA:93,20,0,1
BRDA:93,21,0,40
BRDA:93,21,1,39
BRDA:102,22,0,9
BRDA:102,23,0,39
BRDA:102,23,1,30
BRDA:103,24,0,0
BRDA:110,25,0,0
BRDA:110,26,0,39
BRDA:110,26,1,39
BRDA:129,27,0,0
BRDA:130,28,0,0
BRDA:131,29,0,0
BRDA:132,30,0,0
BRDA:133,31,0,0
BRDA:134,32,0,0
BRDA:141,33,0,0
BRDA:141,34,0,0
BRDA:141,34,1,0
BRDA:172,35,0,3
BRDA:172,35,1,2
BRF:52
BRH:38
end_of_record
TN:
SF:src\domain\entities\Veiculo.ts
FN:3,(anonymous_0)
FN:38,(anonymous_1)
FN:57,(anonymous_2)
FN:62,(anonymous_3)
FN:89,(anonymous_4)
FN:114,(anonymous_5)
FN:115,(anonymous_6)
FN:116,(anonymous_7)
FN:117,(anonymous_8)
FN:118,(anonymous_9)
FN:119,(anonymous_10)
FN:120,(anonymous_11)
FN:121,(anonymous_12)
FN:122,(anonymous_13)
FN:123,(anonymous_14)
FN:124,(anonymous_15)
FN:125,(anonymous_16)
FN:128,(anonymous_17)
FN:139,(anonymous_18)
FN:153,(anonymous_19)
FN:166,(anonymous_20)
FN:174,(anonymous_21)
FN:178,(anonymous_22)
FNF:23
FNH:23
FNDA:21,(anonymous_0)
FNDA:119,(anonymous_1)
FNDA:57,(anonymous_2)
FNDA:113,(anonymous_3)
FNDA:11,(anonymous_4)
FNDA:55,(anonymous_5)
FNDA:55,(anonymous_6)
FNDA:50,(anonymous_7)
FNDA:52,(anonymous_8)
FNDA:49,(anonymous_9)
FNDA:66,(anonymous_10)
FNDA:72,(anonymous_11)
FNDA:36,(anonymous_12)
FNDA:33,(anonymous_13)
FNDA:8,(anonymous_14)
FNDA:40,(anonymous_15)
FNDA:33,(anonymous_16)
FNDA:4,(anonymous_17)
FNDA:4,(anonymous_18)
FNDA:3,(anonymous_19)
FNDA:2,(anonymous_20)
FNDA:31,(anonymous_21)
FNDA:3,(anonymous_22)
DA:1,21
DA:3,21
DA:4,21
DA:5,21
DA:6,21
DA:24,21
DA:39,119
DA:40,119
DA:41,119
DA:42,119
DA:43,119
DA:44,119
DA:45,119
DA:46,119
DA:47,119
DA:48,119
DA:49,119
DA:50,119
DA:52,119
DA:53,105
DA:59,57
DA:63,113
DA:64,2
DA:67,111
DA:68,2
DA:71,109
DA:72,4
DA:73,4
DA:76,105
DA:77,2
DA:80,103
DA:81,5
DA:84,98
DA:85,1
DA:90,11
DA:92,11
DA:93,0
DA:96,11
DA:97,11
DA:98,99
DA:100,11
DA:101,11
DA:102,11
DA:104,10
DA:105,10
DA:106,100
DA:108,10
DA:109,10
DA:110,10
DA:114,55
DA:115,55
DA:116,50
DA:117,52
DA:118,49
DA:119,66
DA:120,72
DA:121,36
DA:122,33
DA:123,8
DA:124,40
DA:125,33
DA:129,4
DA:130,4
DA:131,4
DA:132,4
DA:133,4
DA:135,4
DA:136,4
DA:140,4
DA:141,2
DA:144,2
DA:145,2
DA:146,2
DA:147,2
DA:148,2
DA:150,2
DA:154,3
DA:155,1
DA:158,2
DA:159,2
DA:160,2
DA:161,2
DA:163,2
DA:167,2
DA:168,2
DA:169,2
DA:170,2
DA:171,2
DA:175,31
DA:179,3
LF:90
LH:89
BRDA:3,0,0,21
BRDA:3,0,1,21
BRDA:38,1,0,105
BRDA:39,2,0,119
BRDA:39,2,1,57
BRDA:49,3,0,119
BRDA:49,3,1,105
BRDA:50,4,0,119
BRDA:50,4,1,103
BRDA:52,5,0,105
BRDA:63,6,0,2
BRDA:63,7,0,113
BRDA:63,7,1,111
BRDA:67,8,0,2
BRDA:67,9,0,111
BRDA:67,9,1,109
BRDA:71,10,0,4
BRDA:71,11,0,109
BRDA:71,11,1,107
BRDA:76,12,0,2
BRDA:76,13,0,105
BRDA:76,13,1,103
BRDA:80,14,0,5
BRDA:84,15,0,1
BRDA:84,16,0,98
BRDA:84,16,1,11
BRDA:92,17,0,0
BRDA:92,18,0,11
BRDA:92,18,1,11
BRDA:101,19,0,2
BRDA:101,20,0,11
BRDA:101,20,1,9
BRDA:102,21,0,1
BRDA:109,22,0,0
BRDA:109,23,0,10
BRDA:109,23,1,10
BRDA:129,24,0,0
BRDA:130,25,0,0
BRDA:131,26,0,0
BRDA:132,27,0,2
BRDA:133,28,0,3
BRDA:140,29,0,2
BRDA:154,30,0,1
BRF:43
BRH:38
end_of_record
TN:
SF:src\domain\services\ExternalServices.ts
FN:11,(anonymous_0)
FN:15,(anonymous_1)
FN:29,(anonymous_2)
FN:35,(anonymous_3)
FN:40,(anonymous_4)
FN:43,(anonymous_5)
FN:53,(anonymous_6)
FN:83,(anonymous_7)
FN:94,(anonymous_8)
FN:127,(anonymous_9)
FN:142,(anonymous_10)
FN:157,(anonymous_11)
FN:171,(anonymous_12)
FN:184,(anonymous_13)
FN:194,(anonymous_14)
FNF:15
FNH:15
FNDA:46,(anonymous_0)
FNDA:28,(anonymous_1)
FNDA:8,(anonymous_2)
FNDA:8,(anonymous_3)
FNDA:8,(anonymous_4)
FNDA:16,(anonymous_5)
FNDA:4,(anonymous_6)
FNDA:6,(anonymous_7)
FNDA:9,(anonymous_8)
FNDA:9,(anonymous_9)
FNDA:6,(anonymous_10)
FNDA:1,(anonymous_11)
FNDA:1,(anonymous_12)
FNDA:2,(anonymous_13)
FNDA:2,(anonymous_14)
DA:11,3
DA:12,46
DA:13,46
DA:16,28
DA:17,28
DA:22,28
DA:23,18
DA:25,10
DA:30,8
DA:31,16
DA:32,16
DA:34,12
DA:35,8
DA:41,8
DA:43,8
DA:44,16
DA:46,4
DA:49,4
DA:55,4
DA:58,4
DA:61,4
DA:64,4
DA:65,4
DA:66,36
DA:68,4
DA:69,4
DA:71,4
DA:73,4
DA:74,4
DA:75,40
DA:77,4
DA:78,4
DA:80,4
DA:84,6
DA:86,6
DA:87,6
DA:88,4
DA:90,2
DA:100,9
DA:101,9
DA:106,6
DA:107,3
DA:113,3
DA:120,3
DA:133,9
DA:134,9
DA:135,9
DA:136,6
DA:138,3
DA:143,6
DA:144,6
DA:145,6
DA:147,4
DA:148,2
DA:151,2
DA:153,2
DA:158,1
DA:159,1
DA:160,1
DA:167,0
DA:172,1
DA:173,1
DA:174,1
DA:180,0
DA:185,2
DA:186,2
DA:187,2
DA:188,1
DA:190,1
DA:195,2
DA:196,2
DA:197,2
DA:198,1
DA:200,1
LF:74
LH:72
BRDA:19,0,0,28
BRDA:19,0,1,16
BRDA:22,1,0,18
BRDA:22,1,1,10
BRDA:29,2,0,8
BRDA:34,3,0,4
BRDA:58,4,0,0
BRDA:61,5,0,0
BRDA:69,6,0,2
BRDA:71,7,0,0
BRDA:78,8,0,0
BRDA:106,9,0,3
BRDA:109,10,0,3
BRDA:109,10,1,0
BRDA:147,11,0,2
BRF:15
BRH:10
end_of_record
TN:
SF:src\infrastructure\database\DatabaseConnection.ts
FN:7,(anonymous_1)
FN:9,(anonymous_2)
FN:16,(anonymous_3)
FN:34,(anonymous_4)
FN:41,(anonymous_5)
FN:48,(anonymous_6)
FN:53,(anonymous_7)
FN:58,(anonymous_8)
FNF:8
FNH:8
FNDA:17,(anonymous_1)
FNDA:46,(anonymous_2)
FNDA:12,(anonymous_3)
FNDA:2,(anonymous_4)
FNDA:11,(anonymous_5)
FNDA:7,(anonymous_6)
FNDA:2,(anonymous_7)
FNDA:2,(anonymous_8)
DA:1,22
DA:3,22
DA:5,17
DA:10,46
DA:11,17
DA:13,46
DA:17,12
DA:18,12
DA:27,10
DA:29,2
DA:30,2
DA:35,2
DA:36,1
DA:37,1
DA:42,11
DA:43,1
DA:45,10
DA:49,7
DA:50,6
DA:54,2
DA:55,2
DA:60,2
DA:80,2
DA:101,2
DA:102,1
DA:105,1
DA:106,1
DA:108,1
LF:28
LH:28
BRDA:10,0,0,17
BRDA:19,1,0,12
BRDA:19,1,1,10
BRDA:20,2,0,12
BRDA:20,2,1,10
BRDA:21,3,0,12
BRDA:21,3,1,10
BRDA:22,4,0,12
BRDA:22,4,1,10
BRDA:23,5,0,12
BRDA:23,5,1,10
BRDA:35,6,0,1
BRDA:42,7,0,1
BRDA:48,8,0,6
BRDA:53,9,0,1
BRF:15
BRH:15
end_of_record
TN:
SF:src\infrastructure\database\seed.ts
FN:9,(anonymous_9)
FN:13,(anonymous_10)
FN:63,(anonymous_11)
FN:75,(anonymous_12)
FN:92,(anonymous_13)
FN:96,(anonymous_14)
FNF:6
FNH:4
FNDA:14,(anonymous_9)
FNDA:12,(anonymous_10)
FNDA:6,(anonymous_11)
FNDA:5,(anonymous_12)
FNDA:0,(anonymous_13)
FNDA:0,(anonymous_14)
DA:1,2
DA:2,2
DA:3,2
DA:4,2
DA:6,2
DA:10,14
DA:14,12
DA:15,12
DA:18,9
DA:23,8
DA:24,2
DA:25,2
DA:29,6
DA:30,6
DA:32,5
DA:36,5
DA:48,5
DA:49,5
DA:50,5
DA:51,5
DA:54,5
DA:55,5
DA:64,6
DA:65,6
DA:66,6
DA:68,6
DA:70,72
DA:72,6
DA:76,5
DA:78,5
DA:79,5
DA:80,2
DA:82,3
DA:83,3
DA:89,2
DA:90,0
DA:91,0
DA:93,0
DA:94,0
DA:97,0
DA:98,0
LF:41
LH:35
BRDA:23,0,0,2
BRDA:89,1,0,0
BRF:2
BRH:1
end_of_record
TN:
SF:src\infrastructure\http\controllers\AuthController.ts
FN:12,(anonymous_0)
FN:18,(anonymous_1)
FN:68,(anonymous_2)
FN:100,(anonymous_3)
FNF:4
FNH:4
FNDA:31,(anonymous_0)
FNDA:16,(anonymous_1)
FNDA:7,(anonymous_2)
FNDA:8,(anonymous_3)
DA:2,3
DA:3,3
DA:4,3
DA:5,3
DA:8,3
DA:13,31
DA:14,31
DA:15,31
DA:19,16
DA:20,16
DA:23,16
DA:24,5
DA:28,5
DA:32,11
DA:33,3
DA:34,2
DA:37,2
DA:42,9
DA:43,1
DA:46,1
DA:49,8
DA:59,3
DA:61,5
DA:62,5
DA:69,7
DA:70,7
DA:73,7
DA:74,4
DA:78,4
DA:81,3
DA:91,1
DA:93,2
DA:94,2
DA:101,8
DA:102,8
DA:104,8
DA:105,3
DA:108,3
DA:111,5
DA:113,2
DA:115,3
DA:116,3
LF:42
LH:42
BRDA:23,0,0,5
BRDA:23,1,0,16
BRDA:23,1,1,15
BRDA:23,1,2,13
BRDA:23,1,3,12
BRDA:32,2,0,3
BRDA:33,3,0,2
BRDA:33,4,0,3
BRDA:33,4,1,2
BRDA:42,5,0,1
BRDA:42,6,0,9
BRDA:42,6,1,7
BRDA:63,7,0,5
BRDA:63,7,1,1
BRDA:73,8,0,4
BRDA:73,9,0,7
BRDA:73,9,1,6
BRDA:73,9,2,5
BRDA:73,9,3,4
BRDA:95,10,0,2
BRDA:95,10,1,1
BRDA:104,11,0,3
BRDA:104,12,0,8
BRDA:104,12,1,7
BRDA:117,13,0,3
BRDA:117,13,1,1
BRF:26
BRH:26
end_of_record
TN:
SF:src\infrastructure\http\controllers\VeiculoController.ts
FN:17,(anonymous_0)
FN:23,(anonymous_1)
FN:67,(anonymous_2)
FN:121,(anonymous_3)
FN:156,(anonymous_4)
FN:201,(anonymous_5)
FNF:6
FNH:6
FNDA:25,(anonymous_0)
FNDA:6,(anonymous_1)
FNDA:9,(anonymous_2)
FNDA:3,(anonymous_3)
FNDA:3,(anonymous_4)
FNDA:2,(anonymous_5)
DA:2,2
DA:9,2
DA:10,2
DA:12,2
DA:18,25
DA:19,25
DA:20,25
DA:24,6
DA:25,6
DA:28,6
DA:29,2
DA:33,2
DA:36,4
DA:37,1
DA:41,1
DA:44,3
DA:53,1
DA:59,2
DA:60,2
DA:68,9
DA:69,9
DA:72,9
DA:76,9
DA:77,4
DA:80,4
DA:81,2
DA:82,1
DA:85,1
DA:87,1
DA:88,2
DA:89,1
DA:90,1
DA:91,1
DA:95,8
DA:106,8
DA:108,7
DA:113,1
DA:114,1
DA:122,3
DA:123,3
DA:125,3
DA:126,0
DA:130,0
DA:133,3
DA:135,2
DA:136,1
DA:140,1
DA:143,1
DA:148,1
DA:149,1
DA:157,3
DA:158,3
DA:159,3
DA:161,3
DA:162,0
DA:166,0
DA:169,3
DA:178,1
DA:184,2
DA:186,2
DA:187,1
DA:191,1
DA:194,1
DA:202,2
DA:203,2
DA:205,2
DA:206,0
DA:209,0
DA:212,2
DA:213,1
DA:215,1
DA:216,1
LF:72
LH:66
BRDA:28,0,0,2
BRDA:36,1,0,1
BRDA:36,2,0,4
BRDA:36,2,1,3
BRDA:36,2,2,3
BRDA:36,2,3,3
BRDA:72,3,0,1
BRDA:72,3,1,8
BRDA:72,4,0,0
BRDA:72,4,1,8
BRDA:76,5,0,4
BRDA:80,6,0,2
BRDA:80,6,1,2
BRDA:81,7,0,1
BRDA:81,8,0,2
BRDA:81,8,1,2
BRDA:88,9,0,1
BRDA:88,9,1,1
BRDA:90,10,0,1
BRDA:98,11,0,1
BRDA:98,11,1,7
BRDA:99,12,0,1
BRDA:99,12,1,7
BRDA:100,13,0,1
BRDA:100,13,1,7
BRDA:101,14,0,1
BRDA:101,14,1,7
BRDA:125,15,0,0
BRDA:135,16,0,1
BRDA:161,17,0,0
BRDA:186,18,0,1
BRDA:205,19,0,0
BRDA:217,20,0,1
BRDA:217,20,1,0
BRF:34
BRH:29
end_of_record
TN:
SF:src\infrastructure\http\controllers\WebhookController.ts
FN:7,(anonymous_0)
FN:11,(anonymous_1)
FN:94,(anonymous_2)
FNF:3
FNH:2
FNDA:6,(anonymous_0)
FNDA:6,(anonymous_1)
FNDA:0,(anonymous_2)
DA:2,2
DA:4,2
DA:8,6
DA:12,6
DA:21,6
DA:24,6
DA:25,1
DA:29,1
DA:33,5
DA:34,5
DA:35,0
DA:39,0
DA:43,5
DA:44,0
DA:47,0
DA:51,5
DA:52,0
DA:55,0
DA:58,5
DA:69,3
DA:75,3
DA:77,2
DA:80,2
DA:81,2
DA:82,1
DA:83,1
DA:84,0
DA:87,2
DA:95,0
DA:96,0
DA:98,0
DA:99,0
DA:102,0
DA:107,0
DA:113,0
DA:114,0
LF:36
LH:21
BRDA:24,0,0,1
BRDA:24,1,0,6
BRDA:24,1,1,6
BRDA:24,1,2,5
BRDA:34,2,0,0
BRDA:43,3,0,0
BRDA:43,4,0,5
BRDA:43,4,1,3
BRDA:51,5,0,0
BRDA:51,6,0,5
BRDA:51,6,1,3
BRDA:51,6,2,3
BRDA:51,6,3,3
BRDA:81,7,0,1
BRDA:81,7,1,1
BRDA:83,8,0,0
BRDA:83,9,0,1
BRDA:83,9,1,1
BRDA:88,10,0,2
BRDA:88,10,1,0
BRDA:98,11,0,0
BRDA:115,12,0,0
BRDA:115,12,1,0
BRF:23
BRH:15
end_of_record
TN:
SF:src\infrastructure\http\middlewares\authMiddleware.ts
FN:14,(anonymous_9)
FN:83,(anonymous_10)
FN:103,(anonymous_11)
FNF:3
FNH:1
FNDA:11,(anonymous_9)
FNDA:0,(anonymous_10)
FNDA:0,(anonymous_11)
DA:2,1
DA:3,1
DA:14,1
DA:15,11
DA:16,11
DA:18,11
DA:19,2
DA:23,2
DA:26,9
DA:29,9
DA:30,2
DA:34,2
DA:37,7
DA:39,7
DA:40,0
DA:44,0
DA:47,7
DA:48,7
DA:50,4
DA:57,4
DA:59,3
DA:60,1
DA:64,1
DA:67,2
DA:68,1
DA:72,1
DA:76,1
DA:83,1
DA:84,0
DA:85,0
DA:89,0
DA:92,0
DA:93,0
DA:97,0
DA:100,0
DA:103,1
DA:104,0
DA:105,0
DA:106,0
DA:109,0
DA:110,0
DA:111,0
DA:114,0
LF:43
LH:27
BRDA:18,0,0,2
BRDA:18,1,0,11
BRDA:18,1,1,9
BRDA:29,2,0,2
BRDA:39,3,0,0
BRDA:47,4,0,7
BRDA:47,4,1,1
BRDA:59,5,0,1
BRDA:67,6,0,1
BRDA:84,7,0,0
BRDA:92,8,0,0
BRDA:104,9,0,0
BRDA:109,10,0,0
BRF:13
BRH:8
end_of_record
TN:
SF:src\infrastructure\http\routes\authRoutes.ts
FN:130,(anonymous_0)
FN:163,(anonymous_1)
FNF:2
FNH:0
FNDA:0,(anonymous_0)
FNDA:0,(anonymous_1)
DA:1,1
DA:2,1
DA:4,1
DA:5,1
DA:130,1
DA:163,1
DA:165,1
LF:7
LH:7
BRF:0
BRH:0
end_of_record
TN:
SF:src\infrastructure\http\routes\veiculoRoutes.ts
FN:130,(anonymous_0)
FN:231,(anonymous_1)
FN:258,(anonymous_2)
FN:299,(anonymous_3)
FN:328,(anonymous_4)
FNF:5
FNH:0
FNDA:0,(anonymous_0)
FNDA:0,(anonymous_1)
FNDA:0,(anonymous_2)
FNDA:0,(anonymous_3)
FNDA:0,(anonymous_4)
DA:1,1
DA:2,1
DA:3,1
DA:5,1
DA:6,1
DA:130,1
DA:231,1
DA:258,1
DA:299,1
DA:328,1
DA:330,1
LF:11
LH:11
BRF:0
BRH:0
end_of_record
TN:
SF:src\infrastructure\http\routes\webhookRoutes.ts
FN:133,(anonymous_0)
FNF:1
FNH:0
FNDA:0,(anonymous_0)
DA:1,1
DA:2,1
DA:4,1
DA:5,1
DA:133,1
DA:135,1
LF:6
LH:6
BRF:0
BRH:0
end_of_record
TN:
SF:src\infrastructure\repositories\UsuarioRepositoryImpl.ts
FN:8,(anonymous_0)
FN:12,(anonymous_1)
FN:34,(anonymous_2)
FN:58,(anonymous_3)
FN:82,(anonymous_4)
FN:106,(anonymous_5)
FN:110,(anonymous_6)
FN:125,(anonymous_7)
FN:129,(anonymous_8)
FN:144,(anonymous_9)
FN:199,(anonymous_10)
FN:204,(anonymous_11)
FN:210,(anonymous_12)
FNF:13
FNH:9
FNDA:24,(anonymous_0)
FNDA:2,(anonymous_1)
FNDA:16,(anonymous_2)
FNDA:3,(anonymous_3)
FNDA:2,(anonymous_4)
FNDA:3,(anonymous_5)
FNDA:2,(anonymous_6)
FNDA:0,(anonymous_7)
FNDA:0,(anonymous_8)
FNDA:6,(anonymous_9)
FNDA:4,(anonymous_10)
FNDA:0,(anonymous_11)
FNDA:0,(anonymous_12)
DA:1,9
DA:3,9
DA:5,9
DA:9,24
DA:13,2
DA:18,2
DA:30,2
DA:31,1
DA:35,16
DA:36,16
DA:38,16
DA:39,2
DA:42,14
DA:43,14
DA:59,3
DA:60,3
DA:62,3
DA:63,2
DA:66,1
DA:67,1
DA:83,2
DA:84,2
DA:86,2
DA:87,1
DA:90,1
DA:91,1
DA:107,3
DA:108,3
DA:110,2
DA:126,0
DA:127,0
DA:129,0
DA:146,6
DA:147,6
DA:148,0
DA:152,6
DA:153,6
DA:155,6
DA:156,2
DA:157,2
DA:159,6
DA:160,1
DA:161,1
DA:163,6
DA:164,1
DA:165,1
DA:167,6
DA:168,0
DA:169,0
DA:171,6
DA:172,1
DA:173,1
DA:175,6
DA:176,0
DA:177,0
DA:179,6
DA:180,1
DA:181,1
DA:183,6
DA:184,1
DA:185,1
DA:188,6
DA:189,6
DA:191,6
DA:193,6
DA:194,6
DA:196,6
DA:200,4
DA:201,4
DA:205,0
DA:206,0
DA:207,0
DA:211,0
DA:212,0
DA:213,0
LF:75
LH:61
BRDA:25,0,0,2
BRDA:25,0,1,0
BRDA:26,1,0,2
BRDA:26,1,1,0
BRDA:27,2,0,2
BRDA:27,2,1,0
BRDA:38,3,0,2
BRDA:62,4,0,2
BRDA:86,5,0,1
BRDA:147,6,0,0
BRDA:155,7,0,2
BRDA:159,8,0,1
BRDA:163,9,0,1
BRDA:167,10,0,0
BRDA:171,11,0,1
BRDA:175,12,0,0
BRDA:179,13,0,1
BRDA:183,14,0,1
BRF:18
BRH:12
end_of_record
TN:
SF:src\infrastructure\repositories\VeiculoRepositoryImpl.ts
FN:8,(anonymous_0)
FN:15,(anonymous_1)
FN:32,(anonymous_2)
FN:55,(anonymous_3)
FN:67,(anonymous_4)
FN:71,(anonymous_5)
FN:74,(anonymous_6)
FN:78,(anonymous_7)
FN:94,(anonymous_8)
FN:153,(anonymous_9)
FN:158,(anonymous_10)
FN:168,(anonymous_11)
FN:184,(anonymous_12)
FN:194,(anonymous_13)
FN:210,(anonymous_14)
FN:216,(anonymous_15)
FNF:16
FNH:14
FNDA:37,(anonymous_0)
FNDA:10,(anonymous_1)
FNDA:2,(anonymous_2)
FNDA:11,(anonymous_3)
FNDA:4,(anonymous_4)
FNDA:2,(anonymous_5)
FNDA:1,(anonymous_6)
FNDA:1,(anonymous_7)
FNDA:5,(anonymous_8)
FNDA:4,(anonymous_9)
FNDA:3,(anonymous_10)
FNDA:2,(anonymous_11)
FNDA:2,(anonymous_12)
FNDA:0,(anonymous_13)
FNDA:2,(anonymous_14)
FNDA:0,(anonymous_15)
DA:1,15
DA:3,15
DA:5,15
DA:9,37
DA:16,10
DA:33,2
DA:38,2
DA:51,2
DA:52,1
DA:56,11
DA:57,11
DA:59,11
DA:60,3
DA:63,8
DA:64,8
DA:68,4
DA:69,4
DA:71,2
DA:75,1
DA:76,1
DA:78,1
DA:96,5
DA:97,5
DA:98,2
DA:102,3
DA:103,3
DA:105,3
DA:106,1
DA:107,1
DA:109,3
DA:110,1
DA:111,1
DA:113,3
DA:114,1
DA:115,1
DA:117,3
DA:118,2
DA:119,2
DA:121,3
DA:122,2
DA:123,2
DA:125,3
DA:126,2
DA:127,2
DA:129,3
DA:130,1
DA:131,1
DA:133,3
DA:134,1
DA:135,1
DA:137,3
DA:138,1
DA:139,1
DA:142,3
DA:143,3
DA:145,3
DA:147,3
DA:148,3
DA:150,3
DA:154,4
DA:155,4
DA:159,3
DA:160,3
DA:166,3
DA:168,3
DA:185,2
DA:186,2
DA:192,2
DA:194,2
DA:211,2
DA:212,2
DA:213,2
DA:217,0
DA:218,0
DA:220,0
DA:221,0
DA:224,0
DA:225,0
LF:78
LH:72
BRDA:46,0,0,2
BRDA:46,0,1,2
BRDA:47,1,0,2
BRDA:47,1,1,2
BRDA:48,2,0,2
BRDA:48,2,1,2
BRDA:59,3,0,3
BRDA:97,4,0,2
BRDA:105,5,0,1
BRDA:109,6,0,1
BRDA:113,7,0,1
BRDA:117,8,0,2
BRDA:121,9,0,2
BRDA:125,10,0,2
BRDA:129,11,0,1
BRDA:131,12,0,1
BRDA:131,12,1,0
BRDA:133,13,0,1
BRDA:135,14,0,1
BRDA:135,14,1,0
BRDA:137,15,0,1
BRDA:139,16,0,1
BRDA:139,16,1,0
BRDA:158,17,0,1
BRDA:159,18,0,1
BRDA:159,18,1,2
BRDA:184,19,0,0
BRDA:185,20,0,1
BRDA:185,20,1,1
BRDA:220,21,0,0
BRF:30
BRH:25
end_of_record
TN:
SF:src\infrastructure\swagger\swagger.ts
FNF:0
FNH:0
DA:1,1
DA:2,1
DA:4,1
DA:334,1
DA:336,1
LF:5
LH:5
BRDA:34,0,0,0
BRDA:34,0,1,1
BRDA:37,1,0,0
BRDA:37,1,1,1
BRDA:323,2,0,0
BRDA:323,2,1,1
BRF:6
BRH:3
end_of_record
TN:
SF:src\utils\logger.ts
FN:7,(anonymous_0)
FN:14,(anonymous_1)
FN:21,(anonymous_2)
FN:28,(anonymous_3)
FN:38,(anonymous_4)
FN:48,(anonymous_5)
FNF:6
FNH:4
FNDA:3,(anonymous_0)
FNDA:2,(anonymous_1)
FNDA:1,(anonymous_2)
FNDA:1,(anonymous_3)
FNDA:0,(anonymous_4)
FNDA:0,(anonymous_5)
DA:4,7
DA:5,7
DA:8,3
DA:9,2
DA:15,2
DA:16,1
DA:22,1
DA:23,1
DA:29,1
DA:30,1
DA:40,0
DA:41,0
DA:49,0
LF:13
LH:10
BRDA:8,0,0,2
BRDA:9,1,0,2
BRDA:9,1,1,2
BRDA:15,2,0,1
BRDA:16,3,0,1
BRDA:16,3,1,1
BRDA:22,4,0,1
BRDA:23,5,0,1
BRDA:23,5,1,1
BRDA:29,6,0,1
BRDA:30,7,0,1
BRDA:30,7,1,1
BRDA:41,8,0,0
BRDA:41,8,1,0
BRF:14
BRH:12
end_of_record
